mode: set
github.com/influxdata/influxdb/v2/http/legacy/router.go:18.62,26.2 7 1
github.com/influxdata/influxdb/v2/http/legacy/router.go:33.71,41.2 3 0
github.com/influxdata/influxdb/v2/http/legacy/router.go:44.79,53.2 4 0
github.com/influxdata/influxdb/v2/http/legacy/router.go:57.85,66.64 4 0
github.com/influxdata/influxdb/v2/http/legacy/router.go:71.2,71.31 1 0
github.com/influxdata/influxdb/v2/http/legacy/router.go:66.64,69.3 2 0
github.com/influxdata/influxdb/v2/http/legacy/router.go:78.35,79.28 1 0
github.com/influxdata/influxdb/v2/http/legacy/router.go:87.2,87.20 1 0
github.com/influxdata/influxdb/v2/http/legacy/router.go:79.28,82.17 3 0
github.com/influxdata/influxdb/v2/http/legacy/router.go:82.17,84.4 1 0
github.com/influxdata/influxdb/v2/http/legacy/ping_handler.go:13.36,21.2 4 1
github.com/influxdata/influxdb/v2/http/legacy/ping_handler.go:24.75,27.2 1 1
github.com/influxdata/influxdb/v2/http/legacy/common.go:14.77,16.16 2 1
github.com/influxdata/influxdb/v2/http/legacy/common.go:20.2,21.9 2 1
github.com/influxdata/influxdb/v2/http/legacy/common.go:27.2,27.15 1 1
github.com/influxdata/influxdb/v2/http/legacy/common.go:16.16,18.3 1 1
github.com/influxdata/influxdb/v2/http/legacy/common.go:21.9,26.3 1 0
github.com/influxdata/influxdb/v2/http/legacy/influx1x_authentication_handler.go:28.134,34.2 1 1
github.com/influxdata/influxdb/v2/http/legacy/influx1x_authentication_handler.go:37.91,39.27 1 1
github.com/influxdata/influxdb/v2/http/legacy/influx1x_authentication_handler.go:43.2,46.16 3 1
github.com/influxdata/influxdb/v2/http/legacy/influx1x_authentication_handler.go:51.2,52.16 2 1
github.com/influxdata/influxdb/v2/http/legacy/influx1x_authentication_handler.go:65.2,67.59 2 1
github.com/influxdata/influxdb/v2/http/legacy/influx1x_authentication_handler.go:71.2,71.41 1 1
github.com/influxdata/influxdb/v2/http/legacy/influx1x_authentication_handler.go:39.27,42.3 2 0
github.com/influxdata/influxdb/v2/http/legacy/influx1x_authentication_handler.go:46.16,49.3 2 1
github.com/influxdata/influxdb/v2/http/legacy/influx1x_authentication_handler.go:52.16,54.28 2 1
github.com/influxdata/influxdb/v2/http/legacy/influx1x_authentication_handler.go:61.3,62.9 2 1
github.com/influxdata/influxdb/v2/http/legacy/influx1x_authentication_handler.go:54.28,55.21 1 1
github.com/influxdata/influxdb/v2/http/legacy/influx1x_authentication_handler.go:56.51,58.11 2 1
github.com/influxdata/influxdb/v2/http/legacy/influx1x_authentication_handler.go:67.59,69.3 1 0
github.com/influxdata/influxdb/v2/http/legacy/influx1x_authentication_handler.go:74.60,76.11 2 1
github.com/influxdata/influxdb/v2/http/legacy/influx1x_authentication_handler.go:82.2,82.37 1 1
github.com/influxdata/influxdb/v2/http/legacy/influx1x_authentication_handler.go:76.11,79.3 1 1
github.com/influxdata/influxdb/v2/http/legacy/influx1x_authentication_handler.go:91.107,95.56 2 1
github.com/influxdata/influxdb/v2/http/legacy/influx1x_authentication_handler.go:104.2,104.49 1 1
github.com/influxdata/influxdb/v2/http/legacy/influx1x_authentication_handler.go:132.2,132.91 1 1
github.com/influxdata/influxdb/v2/http/legacy/influx1x_authentication_handler.go:95.56,101.3 1 1
github.com/influxdata/influxdb/v2/http/legacy/influx1x_authentication_handler.go:104.49,107.21 2 1
github.com/influxdata/influxdb/v2/http/legacy/influx1x_authentication_handler.go:123.3,123.36 1 1
github.com/influxdata/influxdb/v2/http/legacy/influx1x_authentication_handler.go:107.21,108.19 1 1
github.com/influxdata/influxdb/v2/http/legacy/influx1x_authentication_handler.go:109.17,110.44 1 1
github.com/influxdata/influxdb/v2/http/legacy/influx1x_authentication_handler.go:110.44,116.6 1 1
github.com/influxdata/influxdb/v2/http/legacy/influx1x_authentication_handler.go:123.36,129.4 1 1
github.com/influxdata/influxdb/v2/http/legacy/influx1x_authentication_handler.go:136.96,141.2 1 1
github.com/influxdata/influxdb/v2/http/legacy/influxql_handler.go:32.54,40.2 1 0
github.com/influxdata/influxdb/v2/http/legacy/influxql_handler.go:43.84,49.2 1 1
github.com/influxdata/influxdb/v2/http/legacy/influxql_handler.go:51.79,53.2 1 0
github.com/influxdata/influxdb/v2/http/legacy/influxqld_handler.go:24.73,29.2 1 0
github.com/influxdata/influxdb/v2/http/legacy/influxqld_handler.go:32.88,36.55 3 1
github.com/influxdata/influxdb/v2/http/legacy/influxqld_handler.go:40.2,44.16 4 1
github.com/influxdata/influxdb/v2/http/legacy/influxqld_handler.go:49.2,49.22 1 1
github.com/influxdata/influxdb/v2/http/legacy/influxqld_handler.go:57.2,60.16 2 1
github.com/influxdata/influxdb/v2/http/legacy/influxqld_handler.go:65.2,67.57 2 1
github.com/influxdata/influxdb/v2/http/legacy/influxqld_handler.go:101.2,103.21 3 1
github.com/influxdata/influxdb/v2/http/legacy/influxqld_handler.go:138.2,140.13 3 1
github.com/influxdata/influxdb/v2/http/legacy/influxqld_handler.go:146.2,169.16 9 1
github.com/influxdata/influxdb/v2/http/legacy/influxqld_handler.go:36.55,38.3 1 0
github.com/influxdata/influxdb/v2/http/legacy/influxqld_handler.go:44.16,47.3 2 1
github.com/influxdata/influxdb/v2/http/legacy/influxqld_handler.go:49.22,55.3 2 1
github.com/influxdata/influxdb/v2/http/legacy/influxqld_handler.go:60.16,63.3 2 1
github.com/influxdata/influxdb/v2/http/legacy/influxqld_handler.go:67.57,69.3 1 0
github.com/influxdata/influxdb/v2/http/legacy/influxqld_handler.go:69.8,69.66 1 1
github.com/influxdata/influxdb/v2/http/legacy/influxqld_handler.go:69.66,71.53 1 0
github.com/influxdata/influxdb/v2/http/legacy/influxqld_handler.go:71.53,73.18 2 0
github.com/influxdata/influxdb/v2/http/legacy/influxqld_handler.go:77.4,77.21 1 0
github.com/influxdata/influxdb/v2/http/legacy/influxqld_handler.go:73.18,76.5 2 0
github.com/influxdata/influxdb/v2/http/legacy/influxqld_handler.go:79.8,82.17 3 1
github.com/influxdata/influxdb/v2/http/legacy/influxqld_handler.go:90.3,90.39 1 1
github.com/influxdata/influxdb/v2/http/legacy/influxqld_handler.go:82.17,88.4 2 0
github.com/influxdata/influxdb/v2/http/legacy/influxqld_handler.go:90.39,91.52 1 1
github.com/influxdata/influxdb/v2/http/legacy/influxqld_handler.go:91.52,94.5 2 0
github.com/influxdata/influxdb/v2/http/legacy/influxqld_handler.go:94.10,96.5 1 1
github.com/influxdata/influxdb/v2/http/legacy/influxqld_handler.go:103.21,106.49 3 0
github.com/influxdata/influxdb/v2/http/legacy/influxqld_handler.go:116.3,116.28 1 0
github.com/influxdata/influxdb/v2/http/legacy/influxqld_handler.go:106.49,113.4 2 0
github.com/influxdata/influxdb/v2/http/legacy/influxqld_handler.go:116.28,117.36 1 0
github.com/influxdata/influxdb/v2/http/legacy/influxqld_handler.go:117.36,119.41 2 0
github.com/influxdata/influxdb/v2/http/legacy/influxqld_handler.go:125.5,125.19 1 0
github.com/influxdata/influxdb/v2/http/legacy/influxqld_handler.go:119.41,121.6 1 0
github.com/influxdata/influxdb/v2/http/legacy/influxqld_handler.go:121.11,123.6 1 0
github.com/influxdata/influxdb/v2/http/legacy/influxqld_handler.go:125.19,132.6 2 0
github.com/influxdata/influxdb/v2/http/legacy/influxqld_handler.go:140.13,141.94 1 0
github.com/influxdata/influxdb/v2/http/legacy/influxqld_handler.go:141.94,143.4 1 0
github.com/influxdata/influxdb/v2/http/legacy/influxqld_handler.go:169.16,170.20 1 1
github.com/influxdata/influxdb/v2/http/legacy/influxqld_handler.go:175.3,179.4 1 1
github.com/influxdata/influxdb/v2/http/legacy/influxqld_handler.go:170.20,174.4 2 1
github.com/influxdata/influxdb/v2/http/legacy/write_handler.go:40.62,49.2 1 0
github.com/influxdata/influxdb/v2/http/legacy/write_handler.go:65.89,77.27 2 1
github.com/influxdata/influxdb/v2/http/legacy/write_handler.go:81.2,83.10 2 1
github.com/influxdata/influxdb/v2/http/legacy/write_handler.go:77.27,79.3 1 0
github.com/influxdata/influxdb/v2/http/legacy/write_handler.go:91.56,92.31 1 0
github.com/influxdata/influxdb/v2/http/legacy/write_handler.go:92.31,94.3 1 0
github.com/influxdata/influxdb/v2/http/legacy/write_handler.go:98.74,100.2 1 1
github.com/influxdata/influxdb/v2/http/legacy/write_handler.go:103.76,109.16 5 1
github.com/influxdata/influxdb/v2/http/legacy/write_handler.go:114.2,117.15 4 1
github.com/influxdata/influxdb/v2/http/legacy/write_handler.go:122.2,123.16 2 1
github.com/influxdata/influxdb/v2/http/legacy/write_handler.go:128.2,129.16 2 1
github.com/influxdata/influxdb/v2/http/legacy/write_handler.go:133.2,135.83 2 1
github.com/influxdata/influxdb/v2/http/legacy/write_handler.go:140.2,141.16 2 1
github.com/influxdata/influxdb/v2/http/legacy/write_handler.go:146.2,146.94 1 1
github.com/influxdata/influxdb/v2/http/legacy/write_handler.go:166.2,166.37 1 1
github.com/influxdata/influxdb/v2/http/legacy/write_handler.go:109.16,112.3 2 0
github.com/influxdata/influxdb/v2/http/legacy/write_handler.go:117.15,120.3 1 1
github.com/influxdata/influxdb/v2/http/legacy/write_handler.go:123.16,126.3 2 0
github.com/influxdata/influxdb/v2/http/legacy/write_handler.go:129.16,132.3 2 1
github.com/influxdata/influxdb/v2/http/legacy/write_handler.go:135.83,138.3 2 1
github.com/influxdata/influxdb/v2/http/legacy/write_handler.go:141.16,144.3 2 0
github.com/influxdata/influxdb/v2/http/legacy/write_handler.go:146.94,147.57 1 1
github.com/influxdata/influxdb/v2/http/legacy/write_handler.go:157.3,163.9 2 0
github.com/influxdata/influxdb/v2/http/legacy/write_handler.go:147.57,155.4 2 1
github.com/influxdata/influxdb/v2/http/legacy/write_handler.go:171.116,173.16 2 1
github.com/influxdata/influxdb/v2/http/legacy/write_handler.go:177.2,177.62 1 1
github.com/influxdata/influxdb/v2/http/legacy/write_handler.go:173.16,175.3 1 1
github.com/influxdata/influxdb/v2/http/legacy/write_handler.go:182.95,184.16 2 1
github.com/influxdata/influxdb/v2/http/legacy/write_handler.go:192.2,192.72 1 1
github.com/influxdata/influxdb/v2/http/legacy/write_handler.go:200.2,200.12 1 1
github.com/influxdata/influxdb/v2/http/legacy/write_handler.go:184.16,191.3 1 0
github.com/influxdata/influxdb/v2/http/legacy/write_handler.go:192.72,199.3 1 1
github.com/influxdata/influxdb/v2/http/legacy/write_handler.go:205.122,210.14 2 1
github.com/influxdata/influxdb/v2/http/legacy/write_handler.go:217.2,218.16 2 1
github.com/influxdata/influxdb/v2/http/legacy/write_handler.go:221.2,221.16 1 1
github.com/influxdata/influxdb/v2/http/legacy/write_handler.go:227.2,227.25 1 1
github.com/influxdata/influxdb/v2/http/legacy/write_handler.go:210.14,212.3 1 1
github.com/influxdata/influxdb/v2/http/legacy/write_handler.go:212.8,215.3 2 1
github.com/influxdata/influxdb/v2/http/legacy/write_handler.go:218.16,220.3 1 1
github.com/influxdata/influxdb/v2/http/legacy/write_handler.go:221.16,226.3 1 0
github.com/influxdata/influxdb/v2/http/legacy/write_handler.go:242.109,245.21 3 1
github.com/influxdata/influxdb/v2/http/legacy/write_handler.go:248.2,249.14 2 1
github.com/influxdata/influxdb/v2/http/legacy/write_handler.go:256.2,258.16 3 1
github.com/influxdata/influxdb/v2/http/legacy/write_handler.go:262.2,268.8 1 1
github.com/influxdata/influxdb/v2/http/legacy/write_handler.go:245.21,247.3 1 1
github.com/influxdata/influxdb/v2/http/legacy/write_handler.go:249.14,254.3 1 0
github.com/influxdata/influxdb/v2/http/legacy/write_handler.go:258.16,260.3 1 0
github.com/influxdata/influxdb/v2/http/legacy/write_usage_recorder.go:11.112,16.2 1 1
github.com/influxdata/influxdb/v2/http/legacy/write_usage_recorder.go:23.112,31.2 1 1
github.com/influxdata/influxdb/v2/http/legacy/backend.go:45.40,47.2 1 1
github.com/influxdata/influxdb/v2/http/legacy/backend.go:51.42,60.2 1 0
github.com/influxdata/influxdb/v2/http/legacy/backend.go:62.71,63.28 1 0
github.com/influxdata/influxdb/v2/http/legacy/backend.go:68.2,68.27 1 0
github.com/influxdata/influxdb/v2/http/legacy/backend.go:73.2,73.28 1 0
github.com/influxdata/influxdb/v2/http/legacy/backend.go:78.2,78.37 1 0
github.com/influxdata/influxdb/v2/http/legacy/backend.go:63.28,66.3 2 0
github.com/influxdata/influxdb/v2/http/legacy/backend.go:68.27,71.3 2 0
github.com/influxdata/influxdb/v2/http/legacy/backend.go:73.28,76.3 2 0
github.com/influxdata/influxdb/v2/http/legacy/backend.go:81.65,83.2 1 0
github.com/influxdata/influxdb/v2/http/label_service.go:34.106,50.2 7 1
github.com/influxdata/influxdb/v2/http/label_service.go:52.40,54.2 1 0
github.com/influxdata/influxdb/v2/http/label_service.go:57.80,60.16 3 1
github.com/influxdata/influxdb/v2/http/label_service.go:65.2,65.67 1 1
github.com/influxdata/influxdb/v2/http/label_service.go:69.2,70.96 2 1
github.com/influxdata/influxdb/v2/http/label_service.go:60.16,63.3 2 0
github.com/influxdata/influxdb/v2/http/label_service.go:65.67,68.3 2 1
github.com/influxdata/influxdb/v2/http/label_service.go:70.96,73.3 2 0
github.com/influxdata/influxdb/v2/http/label_service.go:80.44,81.24 1 1
github.com/influxdata/influxdb/v2/http/label_service.go:87.2,87.28 1 1
github.com/influxdata/influxdb/v2/http/label_service.go:93.2,93.12 1 1
github.com/influxdata/influxdb/v2/http/label_service.go:81.24,86.3 1 0
github.com/influxdata/influxdb/v2/http/label_service.go:87.28,92.3 1 0
github.com/influxdata/influxdb/v2/http/label_service.go:97.94,99.58 2 1
github.com/influxdata/influxdb/v2/http/label_service.go:107.2,111.28 2 1
github.com/influxdata/influxdb/v2/http/label_service.go:99.58,105.3 1 0
github.com/influxdata/influxdb/v2/http/label_service.go:115.80,118.16 3 1
github.com/influxdata/influxdb/v2/http/label_service.go:123.2,124.16 2 1
github.com/influxdata/influxdb/v2/http/label_service.go:128.2,130.16 3 1
github.com/influxdata/influxdb/v2/http/label_service.go:118.16,121.3 2 0
github.com/influxdata/influxdb/v2/http/label_service.go:124.16,127.3 2 0
github.com/influxdata/influxdb/v2/http/label_service.go:130.16,133.3 2 0
github.com/influxdata/influxdb/v2/http/label_service.go:140.71,147.43 2 1
github.com/influxdata/influxdb/v2/http/label_service.go:155.2,155.17 1 1
github.com/influxdata/influxdb/v2/http/label_service.go:147.43,149.17 2 1
github.com/influxdata/influxdb/v2/http/label_service.go:152.3,152.24 1 1
github.com/influxdata/influxdb/v2/http/label_service.go:149.17,151.4 1 0
github.com/influxdata/influxdb/v2/http/label_service.go:159.79,162.16 3 1
github.com/influxdata/influxdb/v2/http/label_service.go:167.2,168.16 2 1
github.com/influxdata/influxdb/v2/http/label_service.go:172.2,173.83 2 1
github.com/influxdata/influxdb/v2/http/label_service.go:162.16,165.3 2 0
github.com/influxdata/influxdb/v2/http/label_service.go:168.16,171.3 2 1
github.com/influxdata/influxdb/v2/http/label_service.go:173.83,176.3 2 0
github.com/influxdata/influxdb/v2/http/label_service.go:183.92,186.14 3 1
github.com/influxdata/influxdb/v2/http/label_service.go:193.2,194.47 2 1
github.com/influxdata/influxdb/v2/http/label_service.go:197.2,201.17 2 1
github.com/influxdata/influxdb/v2/http/label_service.go:186.14,191.3 1 0
github.com/influxdata/influxdb/v2/http/label_service.go:194.47,196.3 1 0
github.com/influxdata/influxdb/v2/http/label_service.go:205.82,208.16 3 1
github.com/influxdata/influxdb/v2/http/label_service.go:213.2,213.69 1 1
github.com/influxdata/influxdb/v2/http/label_service.go:217.2,218.37 2 1
github.com/influxdata/influxdb/v2/http/label_service.go:208.16,211.3 2 0
github.com/influxdata/influxdb/v2/http/label_service.go:213.69,216.3 2 1
github.com/influxdata/influxdb/v2/http/label_service.go:225.98,228.14 3 1
github.com/influxdata/influxdb/v2/http/label_service.go:235.2,236.47 2 1
github.com/influxdata/influxdb/v2/http/label_service.go:239.2,243.17 2 1
github.com/influxdata/influxdb/v2/http/label_service.go:228.14,233.3 1 0
github.com/influxdata/influxdb/v2/http/label_service.go:236.47,238.3 1 0
github.com/influxdata/influxdb/v2/http/label_service.go:247.81,250.16 3 1
github.com/influxdata/influxdb/v2/http/label_service.go:255.2,256.16 2 1
github.com/influxdata/influxdb/v2/http/label_service.go:260.2,261.83 2 1
github.com/influxdata/influxdb/v2/http/label_service.go:250.16,253.3 2 0
github.com/influxdata/influxdb/v2/http/label_service.go:256.16,259.3 2 1
github.com/influxdata/influxdb/v2/http/label_service.go:261.83,264.3 2 0
github.com/influxdata/influxdb/v2/http/label_service.go:272.96,275.14 3 1
github.com/influxdata/influxdb/v2/http/label_service.go:282.2,283.47 2 1
github.com/influxdata/influxdb/v2/http/label_service.go:287.2,288.60 2 1
github.com/influxdata/influxdb/v2/http/label_service.go:292.2,295.8 1 1
github.com/influxdata/influxdb/v2/http/label_service.go:275.14,280.3 1 0
github.com/influxdata/influxdb/v2/http/label_service.go:283.47,285.3 1 0
github.com/influxdata/influxdb/v2/http/label_service.go:288.60,290.3 1 0
github.com/influxdata/influxdb/v2/http/label_service.go:303.57,310.2 1 1
github.com/influxdata/influxdb/v2/http/label_service.go:317.62,324.2 1 1
github.com/influxdata/influxdb/v2/http/label_service.go:336.60,337.54 1 1
github.com/influxdata/influxdb/v2/http/label_service.go:337.54,341.17 3 0
github.com/influxdata/influxdb/v2/http/label_service.go:346.3,347.17 2 0
github.com/influxdata/influxdb/v2/http/label_service.go:352.3,352.90 1 0
github.com/influxdata/influxdb/v2/http/label_service.go:341.17,344.4 2 0
github.com/influxdata/influxdb/v2/http/label_service.go:347.17,350.4 2 0
github.com/influxdata/influxdb/v2/http/label_service.go:352.90,355.4 2 0
github.com/influxdata/influxdb/v2/http/label_service.go:363.117,368.14 4 0
github.com/influxdata/influxdb/v2/http/label_service.go:375.2,376.47 2 0
github.com/influxdata/influxdb/v2/http/label_service.go:379.2,382.17 3 0
github.com/influxdata/influxdb/v2/http/label_service.go:368.14,373.3 1 0
github.com/influxdata/influxdb/v2/http/label_service.go:376.47,378.3 1 0
github.com/influxdata/influxdb/v2/http/label_service.go:386.60,387.54 1 1
github.com/influxdata/influxdb/v2/http/label_service.go:387.54,391.17 3 1
github.com/influxdata/influxdb/v2/http/label_service.go:396.3,396.48 1 1
github.com/influxdata/influxdb/v2/http/label_service.go:401.3,401.78 1 1
github.com/influxdata/influxdb/v2/http/label_service.go:406.3,407.17 2 1
github.com/influxdata/influxdb/v2/http/label_service.go:412.3,412.93 1 1
github.com/influxdata/influxdb/v2/http/label_service.go:391.17,394.4 2 0
github.com/influxdata/influxdb/v2/http/label_service.go:396.48,399.4 2 0
github.com/influxdata/influxdb/v2/http/label_service.go:401.78,404.4 2 0
github.com/influxdata/influxdb/v2/http/label_service.go:407.17,410.4 2 0
github.com/influxdata/influxdb/v2/http/label_service.go:412.93,415.4 2 0
github.com/influxdata/influxdb/v2/http/label_service.go:423.134,426.14 3 1
github.com/influxdata/influxdb/v2/http/label_service.go:433.2,434.49 2 1
github.com/influxdata/influxdb/v2/http/label_service.go:438.2,439.64 2 1
github.com/influxdata/influxdb/v2/http/label_service.go:446.2,449.43 3 1
github.com/influxdata/influxdb/v2/http/label_service.go:453.2,457.17 2 1
github.com/influxdata/influxdb/v2/http/label_service.go:426.14,431.3 1 0
github.com/influxdata/influxdb/v2/http/label_service.go:434.49,436.3 1 0
github.com/influxdata/influxdb/v2/http/label_service.go:439.64,444.3 1 0
github.com/influxdata/influxdb/v2/http/label_service.go:449.43,451.3 1 0
github.com/influxdata/influxdb/v2/http/label_service.go:461.62,462.54 1 1
github.com/influxdata/influxdb/v2/http/label_service.go:462.54,466.17 3 0
github.com/influxdata/influxdb/v2/http/label_service.go:471.3,477.73 2 0
github.com/influxdata/influxdb/v2/http/label_service.go:482.3,482.38 1 0
github.com/influxdata/influxdb/v2/http/label_service.go:466.17,469.4 2 0
github.com/influxdata/influxdb/v2/http/label_service.go:477.73,480.4 2 0
github.com/influxdata/influxdb/v2/http/label_service.go:491.112,494.14 3 0
github.com/influxdata/influxdb/v2/http/label_service.go:501.2,502.49 2 0
github.com/influxdata/influxdb/v2/http/label_service.go:506.2,507.14 2 0
github.com/influxdata/influxdb/v2/http/label_service.go:514.2,515.49 2 0
github.com/influxdata/influxdb/v2/http/label_service.go:519.2,522.8 1 0
github.com/influxdata/influxdb/v2/http/label_service.go:494.14,499.3 1 0
github.com/influxdata/influxdb/v2/http/label_service.go:502.49,504.3 1 0
github.com/influxdata/influxdb/v2/http/label_service.go:507.14,512.3 1 0
github.com/influxdata/influxdb/v2/http/label_service.go:515.49,517.3 1 0
github.com/influxdata/influxdb/v2/http/label_service.go:525.41,527.2 1 1
github.com/influxdata/influxdb/v2/http/label_service.go:536.100,542.16 3 1
github.com/influxdata/influxdb/v2/http/label_service.go:545.2,545.23 1 1
github.com/influxdata/influxdb/v2/http/label_service.go:542.16,544.3 1 1
github.com/influxdata/influxdb/v2/http/label_service.go:549.141,551.25 2 1
github.com/influxdata/influxdb/v2/http/label_service.go:554.2,554.23 1 1
github.com/influxdata/influxdb/v2/http/label_service.go:558.2,564.16 3 1
github.com/influxdata/influxdb/v2/http/label_service.go:567.2,567.23 1 1
github.com/influxdata/influxdb/v2/http/label_service.go:551.25,553.3 1 1
github.com/influxdata/influxdb/v2/http/label_service.go:554.23,556.3 1 1
github.com/influxdata/influxdb/v2/http/label_service.go:564.16,566.3 1 0
github.com/influxdata/influxdb/v2/http/label_service.go:571.127,572.39 1 0
github.com/influxdata/influxdb/v2/http/label_service.go:576.2,581.16 3 0
github.com/influxdata/influxdb/v2/http/label_service.go:584.2,584.22 1 0
github.com/influxdata/influxdb/v2/http/label_service.go:572.39,574.3 1 0
github.com/influxdata/influxdb/v2/http/label_service.go:581.16,583.3 1 0
github.com/influxdata/influxdb/v2/http/label_service.go:588.82,594.16 3 1
github.com/influxdata/influxdb/v2/http/label_service.go:599.2,600.12 2 1
github.com/influxdata/influxdb/v2/http/label_service.go:594.16,596.3 1 1
github.com/influxdata/influxdb/v2/http/label_service.go:604.124,610.16 3 1
github.com/influxdata/influxdb/v2/http/label_service.go:613.2,613.23 1 1
github.com/influxdata/influxdb/v2/http/label_service.go:610.16,612.3 1 1
github.com/influxdata/influxdb/v2/http/label_service.go:617.79,621.2 1 1
github.com/influxdata/influxdb/v2/http/label_service.go:624.96,625.37 1 0
github.com/influxdata/influxdb/v2/http/label_service.go:629.2,633.10 2 0
github.com/influxdata/influxdb/v2/http/label_service.go:625.37,627.3 1 0
github.com/influxdata/influxdb/v2/http/label_service.go:636.96,637.37 1 0
github.com/influxdata/influxdb/v2/http/label_service.go:641.2,643.10 1 0
github.com/influxdata/influxdb/v2/http/label_service.go:637.37,639.3 1 0
github.com/influxdata/influxdb/v2/http/label_service.go:646.126,648.2 1 0
github.com/influxdata/influxdb/v2/http/write_usage_recorder.go:11.112,16.2 1 1
github.com/influxdata/influxdb/v2/http/write_usage_recorder.go:23.59,25.2 1 0
github.com/influxdata/influxdb/v2/http/write_usage_recorder.go:27.112,35.2 1 1
github.com/influxdata/influxdb/v2/http/legacy.go:8.54,23.2 1 0
github.com/influxdata/influxdb/v2/http/legacy.go:26.87,39.2 7 0
github.com/influxdata/influxdb/v2/http/query.go:73.51,74.18 1 1
github.com/influxdata/influxdb/v2/http/query.go:77.2,77.31 1 1
github.com/influxdata/influxdb/v2/http/query.go:80.2,80.36 1 1
github.com/influxdata/influxdb/v2/http/query.go:83.2,83.29 1 1
github.com/influxdata/influxdb/v2/http/query.go:87.2,87.10 1 1
github.com/influxdata/influxdb/v2/http/query.go:74.18,76.3 1 1
github.com/influxdata/influxdb/v2/http/query.go:77.31,79.3 1 1
github.com/influxdata/influxdb/v2/http/query.go:80.36,82.3 1 1
github.com/influxdata/influxdb/v2/http/query.go:83.29,86.3 2 1
github.com/influxdata/influxdb/v2/http/query.go:91.40,92.35 1 1
github.com/influxdata/influxdb/v2/http/query.go:96.2,96.46 1 1
github.com/influxdata/influxdb/v2/http/query.go:100.2,100.44 1 1
github.com/influxdata/influxdb/v2/http/query.go:104.2,104.38 1 1
github.com/influxdata/influxdb/v2/http/query.go:108.2,108.35 1 1
github.com/influxdata/influxdb/v2/http/query.go:112.2,113.41 2 1
github.com/influxdata/influxdb/v2/http/query.go:117.2,117.42 1 1
github.com/influxdata/influxdb/v2/http/query.go:125.2,125.34 1 1
github.com/influxdata/influxdb/v2/http/query.go:131.2,131.12 1 1
github.com/influxdata/influxdb/v2/http/query.go:92.35,94.3 1 1
github.com/influxdata/influxdb/v2/http/query.go:96.46,98.3 1 1
github.com/influxdata/influxdb/v2/http/query.go:100.44,102.3 1 0
github.com/influxdata/influxdb/v2/http/query.go:104.38,106.3 1 1
github.com/influxdata/influxdb/v2/http/query.go:108.35,110.3 1 1
github.com/influxdata/influxdb/v2/http/query.go:113.41,115.3 1 1
github.com/influxdata/influxdb/v2/http/query.go:117.42,118.12 1 1
github.com/influxdata/influxdb/v2/http/query.go:119.39,119.39 0 0
github.com/influxdata/influxdb/v2/http/query.go:120.11,121.63 1 1
github.com/influxdata/influxdb/v2/http/query.go:126.32,126.32 0 1
github.com/influxdata/influxdb/v2/http/query.go:127.10,128.86 1 1
github.com/influxdata/influxdb/v2/http/query.go:148.87,149.16 1 0
github.com/influxdata/influxdb/v2/http/query.go:156.2,156.65 1 0
github.com/influxdata/influxdb/v2/http/query.go:150.14,151.31 1 0
github.com/influxdata/influxdb/v2/http/query.go:152.18,153.34 1 0
github.com/influxdata/influxdb/v2/http/query.go:159.96,162.16 3 0
github.com/influxdata/influxdb/v2/http/query.go:165.2,166.19 2 0
github.com/influxdata/influxdb/v2/http/query.go:170.2,171.49 2 0
github.com/influxdata/influxdb/v2/http/query.go:181.2,181.15 1 0
github.com/influxdata/influxdb/v2/http/query.go:162.16,164.3 1 0
github.com/influxdata/influxdb/v2/http/query.go:166.19,169.3 2 0
github.com/influxdata/influxdb/v2/http/query.go:171.49,173.35 2 0
github.com/influxdata/influxdb/v2/http/query.go:173.35,179.4 1 0
github.com/influxdata/influxdb/v2/http/query.go:184.70,187.16 3 0
github.com/influxdata/influxdb/v2/http/query.go:192.2,194.23 3 0
github.com/influxdata/influxdb/v2/http/query.go:218.2,218.15 1 0
github.com/influxdata/influxdb/v2/http/query.go:187.16,190.3 2 0
github.com/influxdata/influxdb/v2/http/query.go:194.23,195.18 1 0
github.com/influxdata/influxdb/v2/http/query.go:198.3,201.17 4 0
github.com/influxdata/influxdb/v2/http/query.go:204.3,206.17 3 0
github.com/influxdata/influxdb/v2/http/query.go:210.3,215.5 1 0
github.com/influxdata/influxdb/v2/http/query.go:195.18,197.4 1 0
github.com/influxdata/influxdb/v2/http/query.go:201.17,203.4 1 0
github.com/influxdata/influxdb/v2/http/query.go:206.17,208.4 1 0
github.com/influxdata/influxdb/v2/http/query.go:221.50,223.22 2 0
github.com/influxdata/influxdb/v2/http/query.go:234.2,234.12 1 0
github.com/influxdata/influxdb/v2/http/query.go:223.22,224.16 1 0
github.com/influxdata/influxdb/v2/http/query.go:228.3,228.16 1 0
github.com/influxdata/influxdb/v2/http/query.go:231.3,231.8 1 0
github.com/influxdata/influxdb/v2/http/query.go:224.16,226.4 1 0
github.com/influxdata/influxdb/v2/http/query.go:228.16,229.9 1 0
github.com/influxdata/influxdb/v2/http/query.go:240.67,242.2 1 1
github.com/influxdata/influxdb/v2/http/query.go:244.87,245.37 1 1
github.com/influxdata/influxdb/v2/http/query.go:249.2,250.16 2 1
github.com/influxdata/influxdb/v2/http/query.go:255.2,256.19 2 1
github.com/influxdata/influxdb/v2/http/query.go:282.2,285.29 3 1
github.com/influxdata/influxdb/v2/http/query.go:289.2,290.23 2 1
github.com/influxdata/influxdb/v2/http/query.go:316.2,322.8 1 1
github.com/influxdata/influxdb/v2/http/query.go:245.37,247.3 1 1
github.com/influxdata/influxdb/v2/http/query.go:250.16,252.3 1 1
github.com/influxdata/influxdb/v2/http/query.go:256.19,257.17 1 1
github.com/influxdata/influxdb/v2/http/query.go:258.19,263.5 1 0
github.com/influxdata/influxdb/v2/http/query.go:264.15,265.15 1 1
github.com/influxdata/influxdb/v2/http/query.go:266.11,271.5 1 1
github.com/influxdata/influxdb/v2/http/query.go:273.8,273.27 1 1
github.com/influxdata/influxdb/v2/http/query.go:273.27,280.3 2 1
github.com/influxdata/influxdb/v2/http/query.go:285.29,287.3 1 1
github.com/influxdata/influxdb/v2/http/query.go:290.23,292.3 1 0
github.com/influxdata/influxdb/v2/http/query.go:292.8,293.27 1 1
github.com/influxdata/influxdb/v2/http/query.go:293.27,296.4 1 0
github.com/influxdata/influxdb/v2/http/query.go:296.9,304.34 2 1
github.com/influxdata/influxdb/v2/http/query.go:304.34,308.5 1 0
github.com/influxdata/influxdb/v2/http/query.go:308.10,312.5 1 1
github.com/influxdata/influxdb/v2/http/query.go:327.83,329.42 2 1
github.com/influxdata/influxdb/v2/http/query.go:342.2,342.33 1 1
github.com/influxdata/influxdb/v2/http/query.go:357.2,357.16 1 1
github.com/influxdata/influxdb/v2/http/query.go:330.25,334.17 4 1
github.com/influxdata/influxdb/v2/http/query.go:335.24,338.17 3 1
github.com/influxdata/influxdb/v2/http/query.go:339.10,340.55 1 0
github.com/influxdata/influxdb/v2/http/query.go:343.20,349.61 6 1
github.com/influxdata/influxdb/v2/http/query.go:350.31,351.28 1 1
github.com/influxdata/influxdb/v2/http/query.go:352.40,353.37 1 0
github.com/influxdata/influxdb/v2/http/query.go:354.10,355.54 1 0
github.com/influxdata/influxdb/v2/http/query.go:362.125,367.50 4 1
github.com/influxdata/influxdb/v2/http/query.go:370.2,371.16 2 1
github.com/influxdata/influxdb/v2/http/query.go:374.2,374.12 1 1
github.com/influxdata/influxdb/v2/http/query.go:390.2,390.55 1 1
github.com/influxdata/influxdb/v2/http/query.go:397.2,398.39 2 1
github.com/influxdata/influxdb/v2/http/query.go:402.2,403.34 2 1
github.com/influxdata/influxdb/v2/http/query.go:367.50,369.3 1 1
github.com/influxdata/influxdb/v2/http/query.go:371.16,373.3 1 0
github.com/influxdata/influxdb/v2/http/query.go:375.23,377.17 2 1
github.com/influxdata/influxdb/v2/http/query.go:380.3,380.29 1 1
github.com/influxdata/influxdb/v2/http/query.go:381.26,382.14 1 1
github.com/influxdata/influxdb/v2/http/query.go:383.10,384.60 1 1
github.com/influxdata/influxdb/v2/http/query.go:377.17,379.4 1 0
github.com/influxdata/influxdb/v2/http/query.go:384.60,387.4 1 1
github.com/influxdata/influxdb/v2/http/query.go:391.40,392.29 1 0
github.com/influxdata/influxdb/v2/http/query.go:393.44,394.38 1 0
github.com/influxdata/influxdb/v2/http/query.go:398.39,400.3 1 1
github.com/influxdata/influxdb/v2/http/query.go:411.57,415.2 3 1
github.com/influxdata/influxdb/v2/http/query.go:417.162,419.16 2 1
github.com/influxdata/influxdb/v2/http/query.go:423.2,424.16 2 1
github.com/influxdata/influxdb/v2/http/query.go:428.2,429.26 2 1
github.com/influxdata/influxdb/v2/http/query.go:440.2,441.19 2 1
github.com/influxdata/influxdb/v2/http/query.go:419.16,421.3 1 1
github.com/influxdata/influxdb/v2/http/query.go:424.16,426.3 1 0
github.com/influxdata/influxdb/v2/http/query.go:430.31,431.12 1 1
github.com/influxdata/influxdb/v2/http/query.go:432.25,433.38 1 0
github.com/influxdata/influxdb/v2/http/query.go:434.22,435.38 1 0
github.com/influxdata/influxdb/v2/http/query.go:436.10,437.51 1 0
github.com/influxdata/influxdb/v2/http/requests.go:30.134,32.64 2 1
github.com/influxdata/influxdb/v2/http/requests.go:40.2,40.52 1 1
github.com/influxdata/influxdb/v2/http/requests.go:46.2,46.42 1 1
github.com/influxdata/influxdb/v2/http/requests.go:32.64,33.66 1 1
github.com/influxdata/influxdb/v2/http/requests.go:33.66,35.4 1 1
github.com/influxdata/influxdb/v2/http/requests.go:35.9,37.4 1 1
github.com/influxdata/influxdb/v2/http/requests.go:40.52,42.17 2 1
github.com/influxdata/influxdb/v2/http/requests.go:42.17,44.4 1 1
github.com/influxdata/influxdb/v2/http/requests.go:56.136,58.55 2 1
github.com/influxdata/influxdb/v2/http/requests.go:65.2,65.55 1 1
github.com/influxdata/influxdb/v2/http/requests.go:71.2,71.44 1 1
github.com/influxdata/influxdb/v2/http/requests.go:77.2,77.36 1 1
github.com/influxdata/influxdb/v2/http/requests.go:58.55,59.60 1 1
github.com/influxdata/influxdb/v2/http/requests.go:59.60,61.4 1 1
github.com/influxdata/influxdb/v2/http/requests.go:61.9,63.4 1 1
github.com/influxdata/influxdb/v2/http/requests.go:65.55,67.17 2 1
github.com/influxdata/influxdb/v2/http/requests.go:67.17,69.4 1 1
github.com/influxdata/influxdb/v2/http/requests.go:71.44,76.3 1 1
github.com/influxdata/influxdb/v2/http/source_proxy_service.go:28.125,29.45 1 0
github.com/influxdata/influxdb/v2/http/source_proxy_service.go:35.2,35.69 1 0
github.com/influxdata/influxdb/v2/http/source_proxy_service.go:30.29,31.38 1 0
github.com/influxdata/influxdb/v2/http/source_proxy_service.go:32.29,33.34 1 0
github.com/influxdata/influxdb/v2/http/source_proxy_service.go:38.129,42.16 4 0
github.com/influxdata/influxdb/v2/http/source_proxy_service.go:45.2,46.59 2 0
github.com/influxdata/influxdb/v2/http/source_proxy_service.go:50.2,51.16 2 0
github.com/influxdata/influxdb/v2/http/source_proxy_service.go:54.2,60.16 6 0
github.com/influxdata/influxdb/v2/http/source_proxy_service.go:63.2,64.41 2 0
github.com/influxdata/influxdb/v2/http/source_proxy_service.go:68.2,68.48 1 0
github.com/influxdata/influxdb/v2/http/source_proxy_service.go:72.2,72.31 1 0
github.com/influxdata/influxdb/v2/http/source_proxy_service.go:42.16,44.3 1 0
github.com/influxdata/influxdb/v2/http/source_proxy_service.go:46.59,48.3 1 0
github.com/influxdata/influxdb/v2/http/source_proxy_service.go:51.16,53.3 1 0
github.com/influxdata/influxdb/v2/http/source_proxy_service.go:60.16,62.3 1 0
github.com/influxdata/influxdb/v2/http/source_proxy_service.go:64.41,66.3 1 0
github.com/influxdata/influxdb/v2/http/source_proxy_service.go:68.48,70.3 1 0
github.com/influxdata/influxdb/v2/http/source_proxy_service.go:75.133,80.9 4 0
github.com/influxdata/influxdb/v2/http/source_proxy_service.go:84.2,85.16 2 0
github.com/influxdata/influxdb/v2/http/source_proxy_service.go:89.2,95.16 7 0
github.com/influxdata/influxdb/v2/http/source_proxy_service.go:98.2,104.16 6 0
github.com/influxdata/influxdb/v2/http/source_proxy_service.go:107.2,109.41 2 0
github.com/influxdata/influxdb/v2/http/source_proxy_service.go:113.2,113.48 1 0
github.com/influxdata/influxdb/v2/http/source_proxy_service.go:117.2,117.31 1 0
github.com/influxdata/influxdb/v2/http/source_proxy_service.go:80.9,82.3 1 0
github.com/influxdata/influxdb/v2/http/source_proxy_service.go:85.16,87.3 1 0
github.com/influxdata/influxdb/v2/http/source_proxy_service.go:95.16,97.3 1 0
github.com/influxdata/influxdb/v2/http/source_proxy_service.go:104.16,106.3 1 0
github.com/influxdata/influxdb/v2/http/source_proxy_service.go:109.41,111.3 1 0
github.com/influxdata/influxdb/v2/http/source_proxy_service.go:113.48,115.3 1 0
github.com/influxdata/influxdb/v2/http/source_proxy_service.go:120.73,122.2 1 0
github.com/influxdata/influxdb/v2/http/telegraf.go:35.74,46.2 1 1
github.com/influxdata/influxdb/v2/http/telegraf.go:76.79,131.2 20 1
github.com/influxdata/influxdb/v2/http/telegraf.go:150.69,151.17 1 0
github.com/influxdata/influxdb/v2/http/telegraf.go:155.2,155.40 1 0
github.com/influxdata/influxdb/v2/http/telegraf.go:151.17,153.3 1 0
github.com/influxdata/influxdb/v2/http/telegraf.go:158.92,162.16 3 0
github.com/influxdata/influxdb/v2/http/telegraf.go:167.2,167.74 1 0
github.com/influxdata/influxdb/v2/http/telegraf.go:162.16,165.3 2 0
github.com/influxdata/influxdb/v2/http/telegraf.go:167.74,170.3 2 0
github.com/influxdata/influxdb/v2/http/telegraf.go:173.99,185.27 2 1
github.com/influxdata/influxdb/v2/http/telegraf.go:189.2,189.12 1 1
github.com/influxdata/influxdb/v2/http/telegraf.go:185.27,187.3 1 0
github.com/influxdata/influxdb/v2/http/telegraf.go:192.135,196.24 2 1
github.com/influxdata/influxdb/v2/http/telegraf.go:200.2,200.13 1 1
github.com/influxdata/influxdb/v2/http/telegraf.go:196.24,199.3 2 1
github.com/influxdata/influxdb/v2/http/telegraf.go:203.79,206.14 3 1
github.com/influxdata/influxdb/v2/http/telegraf.go:213.2,213.47 1 1
github.com/influxdata/influxdb/v2/http/telegraf.go:216.2,216.15 1 1
github.com/influxdata/influxdb/v2/http/telegraf.go:206.14,211.3 1 0
github.com/influxdata/influxdb/v2/http/telegraf.go:213.47,215.3 1 0
github.com/influxdata/influxdb/v2/http/telegraf.go:219.86,222.16 3 1
github.com/influxdata/influxdb/v2/http/telegraf.go:227.2,228.16 2 1
github.com/influxdata/influxdb/v2/http/telegraf.go:232.2,234.110 2 1
github.com/influxdata/influxdb/v2/http/telegraf.go:222.16,226.3 3 0
github.com/influxdata/influxdb/v2/http/telegraf.go:228.16,231.3 2 0
github.com/influxdata/influxdb/v2/http/telegraf.go:234.110,237.3 2 0
github.com/influxdata/influxdb/v2/http/telegraf.go:240.85,243.16 3 1
github.com/influxdata/influxdb/v2/http/telegraf.go:247.2,248.16 2 1
github.com/influxdata/influxdb/v2/http/telegraf.go:252.2,257.18 5 1
github.com/influxdata/influxdb/v2/http/telegraf.go:243.16,246.3 2 0
github.com/influxdata/influxdb/v2/http/telegraf.go:248.16,251.3 2 0
github.com/influxdata/influxdb/v2/http/telegraf.go:258.34,262.29 4 1
github.com/influxdata/influxdb/v2/http/telegraf.go:263.26,265.17 2 1
github.com/influxdata/influxdb/v2/http/telegraf.go:270.3,270.96 1 1
github.com/influxdata/influxdb/v2/http/telegraf.go:274.26,277.29 3 1
github.com/influxdata/influxdb/v2/http/telegraf.go:265.17,268.4 2 0
github.com/influxdata/influxdb/v2/http/telegraf.go:270.96,273.4 2 0
github.com/influxdata/influxdb/v2/http/telegraf.go:281.111,285.48 3 1
github.com/influxdata/influxdb/v2/http/telegraf.go:299.2,299.15 1 1
github.com/influxdata/influxdb/v2/http/telegraf.go:285.48,287.17 2 1
github.com/influxdata/influxdb/v2/http/telegraf.go:294.3,294.18 1 1
github.com/influxdata/influxdb/v2/http/telegraf.go:287.17,293.4 1 0
github.com/influxdata/influxdb/v2/http/telegraf.go:295.8,295.57 1 1
github.com/influxdata/influxdb/v2/http/telegraf.go:295.57,297.3 1 1
github.com/influxdata/influxdb/v2/http/telegraf.go:303.86,307.59 3 0
github.com/influxdata/influxdb/v2/http/telegraf.go:313.2,314.16 2 0
github.com/influxdata/influxdb/v2/http/telegraf.go:319.2,319.90 1 0
github.com/influxdata/influxdb/v2/http/telegraf.go:323.2,325.113 2 0
github.com/influxdata/influxdb/v2/http/telegraf.go:307.59,311.3 3 0
github.com/influxdata/influxdb/v2/http/telegraf.go:314.16,317.3 2 0
github.com/influxdata/influxdb/v2/http/telegraf.go:319.90,322.3 2 0
github.com/influxdata/influxdb/v2/http/telegraf.go:325.113,328.3 2 0
github.com/influxdata/influxdb/v2/http/telegraf.go:331.103,333.59 2 0
github.com/influxdata/influxdb/v2/http/telegraf.go:336.2,338.14 3 0
github.com/influxdata/influxdb/v2/http/telegraf.go:344.2,345.47 2 0
github.com/influxdata/influxdb/v2/http/telegraf.go:348.2,349.16 2 0
github.com/influxdata/influxdb/v2/http/telegraf.go:333.59,335.3 1 0
github.com/influxdata/influxdb/v2/http/telegraf.go:338.14,343.3 1 0
github.com/influxdata/influxdb/v2/http/telegraf.go:345.47,347.3 1 0
github.com/influxdata/influxdb/v2/http/telegraf.go:353.85,357.16 3 0
github.com/influxdata/influxdb/v2/http/telegraf.go:363.2,364.16 2 0
github.com/influxdata/influxdb/v2/http/telegraf.go:369.2,370.16 2 0
github.com/influxdata/influxdb/v2/http/telegraf.go:375.2,376.16 2 0
github.com/influxdata/influxdb/v2/http/telegraf.go:380.2,382.95 2 0
github.com/influxdata/influxdb/v2/http/telegraf.go:357.16,361.3 3 0
github.com/influxdata/influxdb/v2/http/telegraf.go:364.16,367.3 2 0
github.com/influxdata/influxdb/v2/http/telegraf.go:370.16,373.3 2 0
github.com/influxdata/influxdb/v2/http/telegraf.go:376.16,379.3 2 0
github.com/influxdata/influxdb/v2/http/telegraf.go:382.95,385.3 2 0
github.com/influxdata/influxdb/v2/http/telegraf.go:388.88,391.16 3 0
github.com/influxdata/influxdb/v2/http/telegraf.go:396.2,396.70 1 0
github.com/influxdata/influxdb/v2/http/telegraf.go:400.2,402.37 2 0
github.com/influxdata/influxdb/v2/http/telegraf.go:391.16,394.3 2 0
github.com/influxdata/influxdb/v2/http/telegraf.go:396.70,399.3 2 0
github.com/influxdata/influxdb/v2/http/telegraf.go:412.68,419.2 1 0
github.com/influxdata/influxdb/v2/http/telegraf.go:424.121,431.16 3 0
github.com/influxdata/influxdb/v2/http/telegraf.go:434.2,434.18 1 0
github.com/influxdata/influxdb/v2/http/telegraf.go:431.16,433.3 1 0
github.com/influxdata/influxdb/v2/http/telegraf.go:439.171,441.20 2 0
github.com/influxdata/influxdb/v2/http/telegraf.go:444.2,444.27 1 0
github.com/influxdata/influxdb/v2/http/telegraf.go:448.2,456.16 3 0
github.com/influxdata/influxdb/v2/http/telegraf.go:460.2,460.45 1 0
github.com/influxdata/influxdb/v2/http/telegraf.go:441.20,443.3 1 0
github.com/influxdata/influxdb/v2/http/telegraf.go:444.27,446.3 1 0
github.com/influxdata/influxdb/v2/http/telegraf.go:456.16,458.3 1 0
github.com/influxdata/influxdb/v2/http/telegraf.go:464.124,470.16 3 0
github.com/influxdata/influxdb/v2/http/telegraf.go:473.2,474.12 2 0
github.com/influxdata/influxdb/v2/http/telegraf.go:470.16,472.3 1 0
github.com/influxdata/influxdb/v2/http/telegraf.go:479.168,485.16 3 0
github.com/influxdata/influxdb/v2/http/telegraf.go:488.2,488.23 1 0
github.com/influxdata/influxdb/v2/http/telegraf.go:485.16,487.3 1 0
github.com/influxdata/influxdb/v2/http/telegraf.go:492.91,496.2 1 0
github.com/influxdata/influxdb/v2/http/client.go:19.115,21.16 2 1
github.com/influxdata/influxdb/v2/http/client.go:25.2,32.17 2 1
github.com/influxdata/influxdb/v2/http/client.go:35.2,36.27 2 1
github.com/influxdata/influxdb/v2/http/client.go:21.16,23.3 1 0
github.com/influxdata/influxdb/v2/http/client.go:32.17,34.3 1 1
github.com/influxdata/influxdb/v2/http/client.go:68.81,85.2 1 0
github.com/influxdata/influxdb/v2/http/client.go:88.50,90.16 2 1
github.com/influxdata/influxdb/v2/http/client.go:93.2,94.15 2 1
github.com/influxdata/influxdb/v2/http/client.go:90.16,92.3 1 0
github.com/influxdata/influxdb/v2/http/client.go:98.59,100.2 1 1
github.com/influxdata/influxdb/v2/http/client.go:110.76,115.2 4 1
github.com/influxdata/influxdb/v2/http/client.go:143.60,144.35 1 1
github.com/influxdata/influxdb/v2/http/client.go:147.2,147.50 1 1
github.com/influxdata/influxdb/v2/http/client.go:144.35,146.3 1 0
github.com/influxdata/influxdb/v2/http/config.go:24.58,29.2 1 1
github.com/influxdata/influxdb/v2/http/config.go:35.49,35.66 1 1
github.com/influxdata/influxdb/v2/http/config.go:49.80,55.45 2 1
github.com/influxdata/influxdb/v2/http/config.go:59.2,69.15 5 1
github.com/influxdata/influxdb/v2/http/config.go:55.45,57.3 1 1
github.com/influxdata/influxdb/v2/http/config.go:72.41,74.2 1 1
github.com/influxdata/influxdb/v2/http/config.go:76.60,79.25 2 1
github.com/influxdata/influxdb/v2/http/config.go:97.2,97.12 1 1
github.com/influxdata/influxdb/v2/http/config.go:79.25,81.25 2 1
github.com/influxdata/influxdb/v2/http/config.go:94.3,94.23 1 1
github.com/influxdata/influxdb/v2/http/config.go:83.135,86.18 3 1
github.com/influxdata/influxdb/v2/http/config.go:89.11,91.42 1 1
github.com/influxdata/influxdb/v2/http/config.go:86.18,88.5 1 0
github.com/influxdata/influxdb/v2/http/config.go:100.81,102.2 1 1
github.com/influxdata/influxdb/v2/http/config.go:104.69,105.53 1 1
github.com/influxdata/influxdb/v2/http/config.go:117.2,117.29 1 1
github.com/influxdata/influxdb/v2/http/config.go:105.53,108.82 2 1
github.com/influxdata/influxdb/v2/http/config.go:115.3,115.23 1 1
github.com/influxdata/influxdb/v2/http/config.go:108.82,114.4 2 1
github.com/influxdata/influxdb/v2/http/health.go:11.60,16.2 4 1
github.com/influxdata/influxdb/v2/http/debug.go:14.85,15.71 1 0
github.com/influxdata/influxdb/v2/http/debug.go:15.71,16.35 1 0
github.com/influxdata/influxdb/v2/http/debug.go:22.3,22.23 1 0
github.com/influxdata/influxdb/v2/http/debug.go:16.35,21.4 4 0
github.com/influxdata/influxdb/v2/http/ready.go:13.34,15.53 2 1
github.com/influxdata/influxdb/v2/http/ready.go:36.2,36.29 1 1
github.com/influxdata/influxdb/v2/http/ready.go:15.53,32.44 6 1
github.com/influxdata/influxdb/v2/http/ready.go:32.44,34.4 1 0
github.com/influxdata/influxdb/v2/http/resources.go:13.44,14.71 1 1
github.com/influxdata/influxdb/v2/http/resources.go:14.71,18.3 3 1
github.com/influxdata/influxdb/v2/http/router.go:22.62,30.2 7 1
github.com/influxdata/influxdb/v2/http/router.go:33.52,35.63 2 1
github.com/influxdata/influxdb/v2/http/router.go:41.2,41.71 1 1
github.com/influxdata/influxdb/v2/http/router.go:48.2,54.15 2 1
github.com/influxdata/influxdb/v2/http/router.go:35.63,40.3 1 1
github.com/influxdata/influxdb/v2/http/router.go:41.71,47.3 1 0
github.com/influxdata/influxdb/v2/http/router.go:62.71,70.2 3 1
github.com/influxdata/influxdb/v2/http/router.go:73.79,82.2 4 1
github.com/influxdata/influxdb/v2/http/router.go:86.85,95.64 4 1
github.com/influxdata/influxdb/v2/http/router.go:100.2,100.31 1 1
github.com/influxdata/influxdb/v2/http/router.go:95.64,98.3 2 1
github.com/influxdata/influxdb/v2/http/router.go:103.64,104.46 1 1
github.com/influxdata/influxdb/v2/http/router.go:104.46,105.54 1 1
github.com/influxdata/influxdb/v2/http/router.go:128.3,128.30 1 1
github.com/influxdata/influxdb/v2/http/router.go:105.54,106.17 1 1
github.com/influxdata/influxdb/v2/http/router.go:126.4,126.24 1 1
github.com/influxdata/influxdb/v2/http/router.go:106.17,108.24 2 1
github.com/influxdata/influxdb/v2/http/router.go:112.5,119.67 3 0
github.com/influxdata/influxdb/v2/http/router.go:124.5,124.22 1 0
github.com/influxdata/influxdb/v2/http/router.go:108.24,110.6 1 1
github.com/influxdata/influxdb/v2/http/router.go:119.67,122.6 2 0
github.com/influxdata/influxdb/v2/http/router.go:136.35,137.28 1 1
github.com/influxdata/influxdb/v2/http/router.go:145.2,145.20 1 1
github.com/influxdata/influxdb/v2/http/router.go:137.28,140.17 3 1
github.com/influxdata/influxdb/v2/http/router.go:140.17,142.4 1 1
github.com/influxdata/influxdb/v2/http/variable_service.go:32.74,39.2 1 1
github.com/influxdata/influxdb/v2/http/variable_service.go:53.79,85.2 15 1
github.com/influxdata/influxdb/v2/http/variable_service.go:92.65,94.29 2 1
github.com/influxdata/influxdb/v2/http/variable_service.go:97.2,97.18 1 1
github.com/influxdata/influxdb/v2/http/variable_service.go:94.29,96.3 1 1
github.com/influxdata/influxdb/v2/http/variable_service.go:100.194,107.37 3 1
github.com/influxdata/influxdb/v2/http/variable_service.go:112.2,112.13 1 1
github.com/influxdata/influxdb/v2/http/variable_service.go:107.37,110.3 2 1
github.com/influxdata/influxdb/v2/http/variable_service.go:120.100,122.16 2 1
github.com/influxdata/influxdb/v2/http/variable_service.go:126.2,130.43 3 1
github.com/influxdata/influxdb/v2/http/variable_service.go:138.2,138.37 1 1
github.com/influxdata/influxdb/v2/http/variable_service.go:142.2,142.17 1 1
github.com/influxdata/influxdb/v2/http/variable_service.go:122.16,124.3 1 0
github.com/influxdata/influxdb/v2/http/variable_service.go:130.43,132.17 2 1
github.com/influxdata/influxdb/v2/http/variable_service.go:135.3,135.33 1 1
github.com/influxdata/influxdb/v2/http/variable_service.go:132.17,134.4 1 0
github.com/influxdata/influxdb/v2/http/variable_service.go:138.37,140.3 1 0
github.com/influxdata/influxdb/v2/http/variable_service.go:145.86,148.16 3 1
github.com/influxdata/influxdb/v2/http/variable_service.go:153.2,154.16 2 1
github.com/influxdata/influxdb/v2/http/variable_service.go:162.2,164.16 3 1
github.com/influxdata/influxdb/v2/http/variable_service.go:148.16,151.3 2 0
github.com/influxdata/influxdb/v2/http/variable_service.go:154.16,161.3 2 0
github.com/influxdata/influxdb/v2/http/variable_service.go:164.16,167.3 2 0
github.com/influxdata/influxdb/v2/http/variable_service.go:170.66,173.17 3 1
github.com/influxdata/influxdb/v2/http/variable_service.go:180.2,181.16 2 1
github.com/influxdata/influxdb/v2/http/variable_service.go:185.2,185.17 1 1
github.com/influxdata/influxdb/v2/http/variable_service.go:173.17,178.3 1 0
github.com/influxdata/influxdb/v2/http/variable_service.go:181.16,183.3 1 1
github.com/influxdata/influxdb/v2/http/variable_service.go:188.85,191.16 3 1
github.com/influxdata/influxdb/v2/http/variable_service.go:196.2,197.16 2 1
github.com/influxdata/influxdb/v2/http/variable_service.go:202.2,203.16 2 1
github.com/influxdata/influxdb/v2/http/variable_service.go:207.2,209.16 3 1
github.com/influxdata/influxdb/v2/http/variable_service.go:191.16,194.3 2 1
github.com/influxdata/influxdb/v2/http/variable_service.go:197.16,200.3 2 1
github.com/influxdata/influxdb/v2/http/variable_service.go:203.16,206.3 2 0
github.com/influxdata/influxdb/v2/http/variable_service.go:209.16,212.3 2 0
github.com/influxdata/influxdb/v2/http/variable_service.go:227.91,238.27 2 1
github.com/influxdata/influxdb/v2/http/variable_service.go:241.2,241.12 1 1
github.com/influxdata/influxdb/v2/http/variable_service.go:238.27,240.3 1 1
github.com/influxdata/influxdb/v2/http/variable_service.go:244.86,247.16 3 1
github.com/influxdata/influxdb/v2/http/variable_service.go:252.2,253.16 2 1
github.com/influxdata/influxdb/v2/http/variable_service.go:257.2,258.123 2 1
github.com/influxdata/influxdb/v2/http/variable_service.go:247.16,250.3 2 1
github.com/influxdata/influxdb/v2/http/variable_service.go:253.16,256.3 2 1
github.com/influxdata/influxdb/v2/http/variable_service.go:258.123,261.3 2 0
github.com/influxdata/influxdb/v2/http/variable_service.go:268.45,270.2 1 1
github.com/influxdata/influxdb/v2/http/variable_service.go:272.79,276.16 3 1
github.com/influxdata/influxdb/v2/http/variable_service.go:283.2,287.36 2 1
github.com/influxdata/influxdb/v2/http/variable_service.go:294.2,294.17 1 1
github.com/influxdata/influxdb/v2/http/variable_service.go:276.16,281.3 1 1
github.com/influxdata/influxdb/v2/http/variable_service.go:287.36,292.3 1 1
github.com/influxdata/influxdb/v2/http/variable_service.go:297.87,300.16 3 1
github.com/influxdata/influxdb/v2/http/variable_service.go:305.2,306.16 2 1
github.com/influxdata/influxdb/v2/http/variable_service.go:311.2,312.16 2 1
github.com/influxdata/influxdb/v2/http/variable_service.go:316.2,318.16 3 1
github.com/influxdata/influxdb/v2/http/variable_service.go:300.16,303.3 2 1
github.com/influxdata/influxdb/v2/http/variable_service.go:306.16,309.3 2 1
github.com/influxdata/influxdb/v2/http/variable_service.go:312.16,315.3 2 0
github.com/influxdata/influxdb/v2/http/variable_service.go:318.16,321.3 2 0
github.com/influxdata/influxdb/v2/http/variable_service.go:329.46,331.2 1 1
github.com/influxdata/influxdb/v2/http/variable_service.go:333.102,337.16 3 1
github.com/influxdata/influxdb/v2/http/variable_service.go:344.2,345.16 2 1
github.com/influxdata/influxdb/v2/http/variable_service.go:349.2,354.36 2 1
github.com/influxdata/influxdb/v2/http/variable_service.go:361.2,361.17 1 1
github.com/influxdata/influxdb/v2/http/variable_service.go:337.16,342.3 1 0
github.com/influxdata/influxdb/v2/http/variable_service.go:345.16,347.3 1 0
github.com/influxdata/influxdb/v2/http/variable_service.go:354.36,359.3 1 1
github.com/influxdata/influxdb/v2/http/variable_service.go:364.85,367.16 3 1
github.com/influxdata/influxdb/v2/http/variable_service.go:372.2,376.16 4 1
github.com/influxdata/influxdb/v2/http/variable_service.go:381.2,382.16 2 1
github.com/influxdata/influxdb/v2/http/variable_service.go:386.2,388.16 3 1
github.com/influxdata/influxdb/v2/http/variable_service.go:367.16,370.3 2 1
github.com/influxdata/influxdb/v2/http/variable_service.go:376.16,379.3 2 0
github.com/influxdata/influxdb/v2/http/variable_service.go:382.16,385.3 2 0
github.com/influxdata/influxdb/v2/http/variable_service.go:388.16,391.3 2 0
github.com/influxdata/influxdb/v2/http/variable_service.go:399.44,401.2 1 1
github.com/influxdata/influxdb/v2/http/variable_service.go:403.98,407.16 3 1
github.com/influxdata/influxdb/v2/http/variable_service.go:414.2,415.16 2 1
github.com/influxdata/influxdb/v2/http/variable_service.go:419.2,424.36 2 1
github.com/influxdata/influxdb/v2/http/variable_service.go:431.2,431.17 1 1
github.com/influxdata/influxdb/v2/http/variable_service.go:407.16,412.3 1 0
github.com/influxdata/influxdb/v2/http/variable_service.go:415.16,417.3 1 0
github.com/influxdata/influxdb/v2/http/variable_service.go:424.36,429.3 1 1
github.com/influxdata/influxdb/v2/http/variable_service.go:434.88,437.16 3 1
github.com/influxdata/influxdb/v2/http/variable_service.go:442.2,443.16 2 1
github.com/influxdata/influxdb/v2/http/variable_service.go:447.2,448.37 2 1
github.com/influxdata/influxdb/v2/http/variable_service.go:437.16,440.3 2 0
github.com/influxdata/influxdb/v2/http/variable_service.go:443.16,446.3 2 1
github.com/influxdata/influxdb/v2/http/variable_service.go:457.109,463.16 3 1
github.com/influxdata/influxdb/v2/http/variable_service.go:467.2,467.25 1 1
github.com/influxdata/influxdb/v2/http/variable_service.go:463.16,465.3 1 1
github.com/influxdata/influxdb/v2/http/variable_service.go:472.154,474.34 2 1
github.com/influxdata/influxdb/v2/http/variable_service.go:477.2,477.32 1 1
github.com/influxdata/influxdb/v2/http/variable_service.go:480.2,480.22 1 1
github.com/influxdata/influxdb/v2/http/variable_service.go:484.2,490.16 3 1
github.com/influxdata/influxdb/v2/http/variable_service.go:494.2,494.29 1 1
github.com/influxdata/influxdb/v2/http/variable_service.go:474.34,476.3 1 1
github.com/influxdata/influxdb/v2/http/variable_service.go:477.32,479.3 1 0
github.com/influxdata/influxdb/v2/http/variable_service.go:480.22,482.3 1 0
github.com/influxdata/influxdb/v2/http/variable_service.go:490.16,492.3 1 0
github.com/influxdata/influxdb/v2/http/variable_service.go:498.91,500.34 2 1
github.com/influxdata/influxdb/v2/http/variable_service.go:507.2,510.10 1 1
github.com/influxdata/influxdb/v2/http/variable_service.go:500.34,505.3 1 0
github.com/influxdata/influxdb/v2/http/variable_service.go:514.140,520.16 3 1
github.com/influxdata/influxdb/v2/http/variable_service.go:524.2,524.16 1 1
github.com/influxdata/influxdb/v2/http/variable_service.go:520.16,522.3 1 1
github.com/influxdata/influxdb/v2/http/variable_service.go:528.99,533.2 1 1
github.com/influxdata/influxdb/v2/http/variable_service.go:536.85,540.2 1 1
github.com/influxdata/influxdb/v2/http/auth_service.go:35.84,45.2 1 0
github.com/influxdata/influxdb/v2/http/auth_service.go:60.94,78.2 7 1
github.com/influxdata/influxdb/v2/http/auth_service.go:95.137,114.2 2 1
github.com/influxdata/influxdb/v2/http/auth_service.go:116.61,129.34 2 1
github.com/influxdata/influxdb/v2/http/auth_service.go:132.2,132.12 1 1
github.com/influxdata/influxdb/v2/http/auth_service.go:129.34,131.3 1 1
github.com/influxdata/influxdb/v2/http/auth_service.go:146.134,148.23 2 1
github.com/influxdata/influxdb/v2/http/auth_service.go:178.2,178.17 1 1
github.com/influxdata/influxdb/v2/http/auth_service.go:148.23,156.27 2 1
github.com/influxdata/influxdb/v2/http/auth_service.go:167.3,167.30 1 1
github.com/influxdata/influxdb/v2/http/auth_service.go:156.27,158.51 2 1
github.com/influxdata/influxdb/v2/http/auth_service.go:161.4,161.18 1 1
github.com/influxdata/influxdb/v2/http/auth_service.go:164.4,164.31 1 1
github.com/influxdata/influxdb/v2/http/auth_service.go:158.51,159.13 1 0
github.com/influxdata/influxdb/v2/http/auth_service.go:161.18,163.5 1 0
github.com/influxdata/influxdb/v2/http/auth_service.go:167.30,169.51 2 1
github.com/influxdata/influxdb/v2/http/auth_service.go:172.4,172.18 1 1
github.com/influxdata/influxdb/v2/http/auth_service.go:175.4,175.39 1 1
github.com/influxdata/influxdb/v2/http/auth_service.go:169.51,170.13 1 0
github.com/influxdata/influxdb/v2/http/auth_service.go:172.18,174.5 1 0
github.com/influxdata/influxdb/v2/http/auth_service.go:186.58,194.2 1 1
github.com/influxdata/influxdb/v2/http/auth_service.go:197.96,201.16 3 1
github.com/influxdata/influxdb/v2/http/auth_service.go:206.2,207.16 2 1
github.com/influxdata/influxdb/v2/http/auth_service.go:212.2,213.45 2 1
github.com/influxdata/influxdb/v2/http/auth_service.go:217.2,220.16 3 1
github.com/influxdata/influxdb/v2/http/auth_service.go:225.2,225.78 1 1
github.com/influxdata/influxdb/v2/http/auth_service.go:230.2,231.16 2 1
github.com/influxdata/influxdb/v2/http/auth_service.go:236.2,238.108 2 1
github.com/influxdata/influxdb/v2/http/auth_service.go:201.16,204.3 2 0
github.com/influxdata/influxdb/v2/http/auth_service.go:207.16,210.3 2 0
github.com/influxdata/influxdb/v2/http/auth_service.go:213.45,215.3 1 1
github.com/influxdata/influxdb/v2/http/auth_service.go:220.16,223.3 2 1
github.com/influxdata/influxdb/v2/http/auth_service.go:225.78,228.3 2 0
github.com/influxdata/influxdb/v2/http/auth_service.go:231.16,234.3 2 0
github.com/influxdata/influxdb/v2/http/auth_service.go:238.108,241.3 2 0
github.com/influxdata/influxdb/v2/http/auth_service.go:252.91,260.2 1 1
github.com/influxdata/influxdb/v2/http/auth_service.go:262.96,270.22 2 1
github.com/influxdata/influxdb/v2/http/auth_service.go:274.2,276.28 2 1
github.com/influxdata/influxdb/v2/http/auth_service.go:270.22,272.3 1 1
github.com/influxdata/influxdb/v2/http/auth_service.go:279.50,280.20 1 1
github.com/influxdata/influxdb/v2/http/auth_service.go:280.20,282.3 1 1
github.com/influxdata/influxdb/v2/http/auth_service.go:285.53,286.29 1 1
github.com/influxdata/influxdb/v2/http/auth_service.go:293.2,293.37 1 1
github.com/influxdata/influxdb/v2/http/auth_service.go:301.2,301.22 1 1
github.com/influxdata/influxdb/v2/http/auth_service.go:309.2,309.20 1 1
github.com/influxdata/influxdb/v2/http/auth_service.go:313.2,314.16 2 1
github.com/influxdata/influxdb/v2/http/auth_service.go:318.2,318.12 1 1
github.com/influxdata/influxdb/v2/http/auth_service.go:286.29,291.3 1 0
github.com/influxdata/influxdb/v2/http/auth_service.go:293.37,294.38 1 1
github.com/influxdata/influxdb/v2/http/auth_service.go:294.38,298.4 1 0
github.com/influxdata/influxdb/v2/http/auth_service.go:301.22,307.3 1 0
github.com/influxdata/influxdb/v2/http/auth_service.go:309.20,311.3 1 0
github.com/influxdata/influxdb/v2/http/auth_service.go:314.16,316.3 1 0
github.com/influxdata/influxdb/v2/http/auth_service.go:321.110,323.58 2 1
github.com/influxdata/influxdb/v2/http/auth_service.go:331.2,333.24 2 1
github.com/influxdata/influxdb/v2/http/auth_service.go:323.58,329.3 1 0
github.com/influxdata/influxdb/v2/http/auth_service.go:337.96,340.16 3 1
github.com/influxdata/influxdb/v2/http/auth_service.go:346.2,348.16 3 1
github.com/influxdata/influxdb/v2/http/auth_service.go:353.2,354.23 2 1
github.com/influxdata/influxdb/v2/http/auth_service.go:376.2,378.87 2 1
github.com/influxdata/influxdb/v2/http/auth_service.go:340.16,344.3 3 0
github.com/influxdata/influxdb/v2/http/auth_service.go:348.16,351.3 2 0
github.com/influxdata/influxdb/v2/http/auth_service.go:354.23,356.17 2 1
github.com/influxdata/influxdb/v2/http/auth_service.go:361.3,362.17 2 1
github.com/influxdata/influxdb/v2/http/auth_service.go:367.3,368.17 2 1
github.com/influxdata/influxdb/v2/http/auth_service.go:373.3,373.54 1 1
github.com/influxdata/influxdb/v2/http/auth_service.go:356.17,358.12 2 1
github.com/influxdata/influxdb/v2/http/auth_service.go:362.17,364.12 2 1
github.com/influxdata/influxdb/v2/http/auth_service.go:368.17,371.4 2 0
github.com/influxdata/influxdb/v2/http/auth_service.go:378.87,381.3 2 0
github.com/influxdata/influxdb/v2/http/auth_service.go:388.110,394.18 4 1
github.com/influxdata/influxdb/v2/http/auth_service.go:402.2,403.16 2 1
github.com/influxdata/influxdb/v2/http/auth_service.go:407.2,408.17 2 1
github.com/influxdata/influxdb/v2/http/auth_service.go:416.2,417.15 2 1
github.com/influxdata/influxdb/v2/http/auth_service.go:421.2,422.18 2 1
github.com/influxdata/influxdb/v2/http/auth_service.go:430.2,430.17 1 1
github.com/influxdata/influxdb/v2/http/auth_service.go:394.18,396.17 2 1
github.com/influxdata/influxdb/v2/http/auth_service.go:399.3,399.25 1 1
github.com/influxdata/influxdb/v2/http/auth_service.go:396.17,398.4 1 0
github.com/influxdata/influxdb/v2/http/auth_service.go:403.16,405.3 1 0
github.com/influxdata/influxdb/v2/http/auth_service.go:408.17,410.17 2 1
github.com/influxdata/influxdb/v2/http/auth_service.go:413.3,413.24 1 1
github.com/influxdata/influxdb/v2/http/auth_service.go:410.17,412.4 1 0
github.com/influxdata/influxdb/v2/http/auth_service.go:417.15,419.3 1 0
github.com/influxdata/influxdb/v2/http/auth_service.go:422.18,424.17 2 0
github.com/influxdata/influxdb/v2/http/auth_service.go:427.3,427.21 1 0
github.com/influxdata/influxdb/v2/http/auth_service.go:424.17,426.4 1 0
github.com/influxdata/influxdb/v2/http/auth_service.go:434.95,437.16 3 1
github.com/influxdata/influxdb/v2/http/auth_service.go:443.2,444.16 2 1
github.com/influxdata/influxdb/v2/http/auth_service.go:450.2,451.16 2 1
github.com/influxdata/influxdb/v2/http/auth_service.go:456.2,457.16 2 1
github.com/influxdata/influxdb/v2/http/auth_service.go:462.2,463.16 2 1
github.com/influxdata/influxdb/v2/http/auth_service.go:468.2,470.92 2 1
github.com/influxdata/influxdb/v2/http/auth_service.go:437.16,441.3 3 0
github.com/influxdata/influxdb/v2/http/auth_service.go:444.16,448.3 2 1
github.com/influxdata/influxdb/v2/http/auth_service.go:451.16,454.3 2 0
github.com/influxdata/influxdb/v2/http/auth_service.go:457.16,460.3 2 0
github.com/influxdata/influxdb/v2/http/auth_service.go:463.16,466.3 2 0
github.com/influxdata/influxdb/v2/http/auth_service.go:470.92,473.3 2 0
github.com/influxdata/influxdb/v2/http/auth_service.go:480.108,483.14 3 1
github.com/influxdata/influxdb/v2/http/auth_service.go:490.2,491.47 2 1
github.com/influxdata/influxdb/v2/http/auth_service.go:495.2,497.8 1 1
github.com/influxdata/influxdb/v2/http/auth_service.go:483.14,488.3 1 0
github.com/influxdata/influxdb/v2/http/auth_service.go:491.47,493.3 1 0
github.com/influxdata/influxdb/v2/http/auth_service.go:501.98,504.16 3 1
github.com/influxdata/influxdb/v2/http/auth_service.go:510.2,511.16 2 1
github.com/influxdata/influxdb/v2/http/auth_service.go:516.2,517.16 2 1
github.com/influxdata/influxdb/v2/http/auth_service.go:522.2,523.16 2 1
github.com/influxdata/influxdb/v2/http/auth_service.go:528.2,529.16 2 1
github.com/influxdata/influxdb/v2/http/auth_service.go:534.2,535.16 2 1
github.com/influxdata/influxdb/v2/http/auth_service.go:539.2,541.92 2 1
github.com/influxdata/influxdb/v2/http/auth_service.go:504.16,508.3 3 0
github.com/influxdata/influxdb/v2/http/auth_service.go:511.16,514.3 2 1
github.com/influxdata/influxdb/v2/http/auth_service.go:517.16,520.3 2 1
github.com/influxdata/influxdb/v2/http/auth_service.go:523.16,526.3 2 0
github.com/influxdata/influxdb/v2/http/auth_service.go:529.16,532.3 2 0
github.com/influxdata/influxdb/v2/http/auth_service.go:535.16,538.3 2 0
github.com/influxdata/influxdb/v2/http/auth_service.go:541.92,544.3 2 0
github.com/influxdata/influxdb/v2/http/auth_service.go:552.114,555.14 3 1
github.com/influxdata/influxdb/v2/http/auth_service.go:562.2,563.47 2 1
github.com/influxdata/influxdb/v2/http/auth_service.go:567.2,568.60 2 1
github.com/influxdata/influxdb/v2/http/auth_service.go:572.2,575.8 1 1
github.com/influxdata/influxdb/v2/http/auth_service.go:555.14,560.3 1 0
github.com/influxdata/influxdb/v2/http/auth_service.go:563.47,565.3 1 0
github.com/influxdata/influxdb/v2/http/auth_service.go:568.60,570.3 1 0
github.com/influxdata/influxdb/v2/http/auth_service.go:579.98,582.16 3 1
github.com/influxdata/influxdb/v2/http/auth_service.go:588.2,588.80 1 1
github.com/influxdata/influxdb/v2/http/auth_service.go:594.2,596.37 2 1
github.com/influxdata/influxdb/v2/http/auth_service.go:582.16,586.3 3 0
github.com/influxdata/influxdb/v2/http/auth_service.go:588.80,592.3 2 1
github.com/influxdata/influxdb/v2/http/auth_service.go:603.114,606.14 3 1
github.com/influxdata/influxdb/v2/http/auth_service.go:613.2,614.47 2 1
github.com/influxdata/influxdb/v2/http/auth_service.go:618.2,620.8 1 1
github.com/influxdata/influxdb/v2/http/auth_service.go:606.14,611.3 1 0
github.com/influxdata/influxdb/v2/http/auth_service.go:614.47,616.3 1 0
github.com/influxdata/influxdb/v2/http/auth_service.go:623.91,627.16 3 1
github.com/influxdata/influxdb/v2/http/auth_service.go:631.2,631.45 1 1
github.com/influxdata/influxdb/v2/http/auth_service.go:627.16,629.3 1 0
github.com/influxdata/influxdb/v2/http/auth_service.go:642.124,648.16 3 1
github.com/influxdata/influxdb/v2/http/auth_service.go:651.2,651.16 1 1
github.com/influxdata/influxdb/v2/http/auth_service.go:648.16,650.3 1 0
github.com/influxdata/influxdb/v2/http/auth_service.go:655.125,657.2 1 0
github.com/influxdata/influxdb/v2/http/auth_service.go:661.178,663.22 2 1
github.com/influxdata/influxdb/v2/http/auth_service.go:666.2,666.26 1 1
github.com/influxdata/influxdb/v2/http/auth_service.go:669.2,669.24 1 1
github.com/influxdata/influxdb/v2/http/auth_service.go:672.2,672.25 1 1
github.com/influxdata/influxdb/v2/http/auth_service.go:675.2,675.23 1 1
github.com/influxdata/influxdb/v2/http/auth_service.go:679.2,685.16 3 1
github.com/influxdata/influxdb/v2/http/auth_service.go:689.2,690.29 2 1
github.com/influxdata/influxdb/v2/http/auth_service.go:694.2,694.31 1 1
github.com/influxdata/influxdb/v2/http/auth_service.go:663.22,665.3 1 0
github.com/influxdata/influxdb/v2/http/auth_service.go:666.26,668.3 1 1
github.com/influxdata/influxdb/v2/http/auth_service.go:669.24,671.3 1 0
github.com/influxdata/influxdb/v2/http/auth_service.go:672.25,674.3 1 1
github.com/influxdata/influxdb/v2/http/auth_service.go:675.23,677.3 1 0
github.com/influxdata/influxdb/v2/http/auth_service.go:685.16,687.3 1 0
github.com/influxdata/influxdb/v2/http/auth_service.go:690.29,692.3 1 1
github.com/influxdata/influxdb/v2/http/auth_service.go:698.106,700.16 2 1
github.com/influxdata/influxdb/v2/http/auth_service.go:704.2,707.10 1 1
github.com/influxdata/influxdb/v2/http/auth_service.go:700.16,702.3 1 0
github.com/influxdata/influxdb/v2/http/auth_service.go:711.157,717.16 3 1
github.com/influxdata/influxdb/v2/http/auth_service.go:721.2,721.30 1 1
github.com/influxdata/influxdb/v2/http/auth_service.go:717.16,719.3 1 1
github.com/influxdata/influxdb/v2/http/auth_service.go:725.95,729.2 1 1
github.com/influxdata/influxdb/v2/http/authentication_middleware.go:39.99,47.2 1 1
github.com/influxdata/influxdb/v2/http/authentication_middleware.go:50.74,52.105 1 1
github.com/influxdata/influxdb/v2/http/authentication_middleware.go:52.106,52.107 0 0
github.com/influxdata/influxdb/v2/http/authentication_middleware.go:61.55,65.39 3 1
github.com/influxdata/influxdb/v2/http/authentication_middleware.go:69.2,69.21 1 1
github.com/influxdata/influxdb/v2/http/authentication_middleware.go:73.2,73.31 1 1
github.com/influxdata/influxdb/v2/http/authentication_middleware.go:65.39,67.3 1 1
github.com/influxdata/influxdb/v2/http/authentication_middleware.go:69.21,71.3 1 1
github.com/influxdata/influxdb/v2/http/authentication_middleware.go:76.101,79.2 2 1
github.com/influxdata/influxdb/v2/http/authentication_middleware.go:82.83,83.82 1 1
github.com/influxdata/influxdb/v2/http/authentication_middleware.go:88.2,90.16 3 1
github.com/influxdata/influxdb/v2/http/authentication_middleware.go:95.2,96.16 2 1
github.com/influxdata/influxdb/v2/http/authentication_middleware.go:106.2,106.16 1 1
github.com/influxdata/influxdb/v2/http/authentication_middleware.go:114.2,114.30 1 1
github.com/influxdata/influxdb/v2/http/authentication_middleware.go:121.2,123.59 2 1
github.com/influxdata/influxdb/v2/http/authentication_middleware.go:127.2,127.44 1 1
github.com/influxdata/influxdb/v2/http/authentication_middleware.go:83.82,86.3 2 1
github.com/influxdata/influxdb/v2/http/authentication_middleware.go:90.16,93.3 2 1
github.com/influxdata/influxdb/v2/http/authentication_middleware.go:97.23,98.45 1 1
github.com/influxdata/influxdb/v2/http/authentication_middleware.go:99.25,100.39 1 1
github.com/influxdata/influxdb/v2/http/authentication_middleware.go:101.10,104.42 1 0
github.com/influxdata/influxdb/v2/http/authentication_middleware.go:106.16,109.3 2 1
github.com/influxdata/influxdb/v2/http/authentication_middleware.go:114.30,115.50 1 1
github.com/influxdata/influxdb/v2/http/authentication_middleware.go:115.50,118.4 2 1
github.com/influxdata/influxdb/v2/http/authentication_middleware.go:123.59,125.3 1 0
github.com/influxdata/influxdb/v2/http/authentication_middleware.go:130.99,132.16 2 1
github.com/influxdata/influxdb/v2/http/authentication_middleware.go:136.2,136.28 1 1
github.com/influxdata/influxdb/v2/http/authentication_middleware.go:140.2,140.74 1 1
github.com/influxdata/influxdb/v2/http/authentication_middleware.go:132.16,134.3 1 0
github.com/influxdata/influxdb/v2/http/authentication_middleware.go:136.28,138.3 1 1
github.com/influxdata/influxdb/v2/http/authentication_middleware.go:143.121,145.16 2 1
github.com/influxdata/influxdb/v2/http/authentication_middleware.go:149.2,150.16 2 1
github.com/influxdata/influxdb/v2/http/authentication_middleware.go:158.2,158.36 1 1
github.com/influxdata/influxdb/v2/http/authentication_middleware.go:162.2,162.64 1 1
github.com/influxdata/influxdb/v2/http/authentication_middleware.go:145.16,147.3 1 0
github.com/influxdata/influxdb/v2/http/authentication_middleware.go:150.16,152.3 1 1
github.com/influxdata/influxdb/v2/http/authentication_middleware.go:158.36,160.3 1 1
github.com/influxdata/influxdb/v2/http/authentication_middleware.go:165.113,167.16 2 1
github.com/influxdata/influxdb/v2/http/authentication_middleware.go:171.2,172.16 2 1
github.com/influxdata/influxdb/v2/http/authentication_middleware.go:176.2,176.29 1 1
github.com/influxdata/influxdb/v2/http/authentication_middleware.go:184.2,184.15 1 1
github.com/influxdata/influxdb/v2/http/authentication_middleware.go:167.16,169.3 1 0
github.com/influxdata/influxdb/v2/http/authentication_middleware.go:172.16,174.3 1 1
github.com/influxdata/influxdb/v2/http/authentication_middleware.go:176.29,179.17 2 1
github.com/influxdata/influxdb/v2/http/authentication_middleware.go:179.17,181.4 1 0
github.com/influxdata/influxdb/v2/http/middleware.go:17.52,18.46 1 1
github.com/influxdata/influxdb/v2/http/middleware.go:18.46,19.54 1 1
github.com/influxdata/influxdb/v2/http/middleware.go:66.3,66.30 1 1
github.com/influxdata/influxdb/v2/http/middleware.go:19.54,28.32 4 1
github.com/influxdata/influxdb/v2/http/middleware.go:64.4,64.26 1 1
github.com/influxdata/influxdb/v2/http/middleware.go:28.32,30.80 2 1
github.com/influxdata/influxdb/v2/http/middleware.go:34.5,35.92 2 1
github.com/influxdata/influxdb/v2/http/middleware.go:39.5,57.42 3 1
github.com/influxdata/influxdb/v2/http/middleware.go:61.5,61.36 1 1
github.com/influxdata/influxdb/v2/http/middleware.go:30.80,32.6 1 0
github.com/influxdata/influxdb/v2/http/middleware.go:35.92,37.6 1 0
github.com/influxdata/influxdb/v2/http/middleware.go:57.42,59.6 1 1
github.com/influxdata/influxdb/v2/http/middleware.go:72.57,73.47 1 1
github.com/influxdata/influxdb/v2/http/middleware.go:77.2,77.50 1 1
github.com/influxdata/influxdb/v2/http/middleware.go:87.2,87.46 1 1
github.com/influxdata/influxdb/v2/http/middleware.go:91.2,91.56 1 1
github.com/influxdata/influxdb/v2/http/middleware.go:103.2,103.49 1 1
github.com/influxdata/influxdb/v2/http/middleware.go:110.2,110.19 1 1
github.com/influxdata/influxdb/v2/http/middleware.go:73.47,75.3 1 1
github.com/influxdata/influxdb/v2/http/middleware.go:77.50,80.13 3 1
github.com/influxdata/influxdb/v2/http/middleware.go:83.3,83.23 1 1
github.com/influxdata/influxdb/v2/http/middleware.go:80.13,82.4 1 1
github.com/influxdata/influxdb/v2/http/middleware.go:87.46,89.3 1 1
github.com/influxdata/influxdb/v2/http/middleware.go:91.56,93.62 2 1
github.com/influxdata/influxdb/v2/http/middleware.go:100.3,100.26 1 1
github.com/influxdata/influxdb/v2/http/middleware.go:93.62,94.40 1 1
github.com/influxdata/influxdb/v2/http/middleware.go:97.4,98.50 2 1
github.com/influxdata/influxdb/v2/http/middleware.go:94.40,96.5 1 1
github.com/influxdata/influxdb/v2/http/middleware.go:103.49,105.12 2 1
github.com/influxdata/influxdb/v2/http/middleware.go:105.12,107.4 1 1
github.com/influxdata/influxdb/v2/http/middleware.go:113.61,114.30 1 1
github.com/influxdata/influxdb/v2/http/middleware.go:118.2,119.40 2 1
github.com/influxdata/influxdb/v2/http/middleware.go:123.2,123.34 1 1
github.com/influxdata/influxdb/v2/http/middleware.go:114.30,115.28 1 1
github.com/influxdata/influxdb/v2/http/middleware.go:115.28,115.43 1 1
github.com/influxdata/influxdb/v2/http/middleware.go:119.40,121.3 1 1
github.com/influxdata/influxdb/v2/http/middleware.go:123.34,125.3 1 1
github.com/influxdata/influxdb/v2/http/middleware.go:162.50,164.2 1 1
github.com/influxdata/influxdb/v2/http/middleware.go:166.36,168.2 1 1
github.com/influxdata/influxdb/v2/http/task_service.go:44.66,57.2 1 1
github.com/influxdata/influxdb/v2/http/task_service.go:91.67,157.2 26 1
github.com/influxdata/influxdb/v2/http/task_service.go:188.45,190.33 2 1
github.com/influxdata/influxdb/v2/http/task_service.go:193.2,194.27 2 1
github.com/influxdata/influxdb/v2/http/task_service.go:197.2,198.27 2 1
github.com/influxdata/influxdb/v2/http/task_service.go:201.2,202.31 2 1
github.com/influxdata/influxdb/v2/http/task_service.go:206.2,224.3 1 1
github.com/influxdata/influxdb/v2/http/task_service.go:190.33,192.3 1 0
github.com/influxdata/influxdb/v2/http/task_service.go:194.27,196.3 1 0
github.com/influxdata/influxdb/v2/http/task_service.go:198.27,200.3 1 0
github.com/influxdata/influxdb/v2/http/task_service.go:202.31,204.3 1 0
github.com/influxdata/influxdb/v2/http/task_service.go:227.42,235.29 2 0
github.com/influxdata/influxdb/v2/http/task_service.go:239.2,239.23 1 0
github.com/influxdata/influxdb/v2/http/task_service.go:243.2,243.23 1 0
github.com/influxdata/influxdb/v2/http/task_service.go:247.2,247.20 1 0
github.com/influxdata/influxdb/v2/http/task_service.go:254.2,272.3 1 0
github.com/influxdata/influxdb/v2/http/task_service.go:235.29,237.3 1 0
github.com/influxdata/influxdb/v2/http/task_service.go:239.23,241.3 1 0
github.com/influxdata/influxdb/v2/http/task_service.go:243.23,245.3 1 0
github.com/influxdata/influxdb/v2/http/task_service.go:247.20,249.50 2 0
github.com/influxdata/influxdb/v2/http/task_service.go:249.50,251.4 1 0
github.com/influxdata/influxdb/v2/http/task_service.go:275.50,277.11 2 0
github.com/influxdata/influxdb/v2/http/task_service.go:283.2,284.16 2 0
github.com/influxdata/influxdb/v2/http/task_service.go:287.2,287.22 1 0
github.com/influxdata/influxdb/v2/http/task_service.go:291.2,294.14 3 0
github.com/influxdata/influxdb/v2/http/task_service.go:297.2,297.24 1 0
github.com/influxdata/influxdb/v2/http/task_service.go:302.2,305.14 3 0
github.com/influxdata/influxdb/v2/http/task_service.go:308.2,308.12 1 0
github.com/influxdata/influxdb/v2/http/task_service.go:277.11,280.3 2 0
github.com/influxdata/influxdb/v2/http/task_service.go:284.16,286.3 1 0
github.com/influxdata/influxdb/v2/http/task_service.go:287.22,289.3 1 0
github.com/influxdata/influxdb/v2/http/task_service.go:294.14,296.3 1 0
github.com/influxdata/influxdb/v2/http/task_service.go:297.24,299.3 1 0
github.com/influxdata/influxdb/v2/http/task_service.go:305.14,307.3 1 0
github.com/influxdata/influxdb/v2/http/task_service.go:311.79,325.27 2 1
github.com/influxdata/influxdb/v2/http/task_service.go:329.2,329.17 1 1
github.com/influxdata/influxdb/v2/http/task_service.go:325.27,327.3 1 1
github.com/influxdata/influxdb/v2/http/task_service.go:332.111,339.37 4 1
github.com/influxdata/influxdb/v2/http/task_service.go:347.2,350.24 3 1
github.com/influxdata/influxdb/v2/http/task_service.go:356.2,361.14 2 1
github.com/influxdata/influxdb/v2/http/task_service.go:339.37,340.24 1 1
github.com/influxdata/influxdb/v2/http/task_service.go:340.24,341.15 1 1
github.com/influxdata/influxdb/v2/http/task_service.go:341.15,343.5 1 1
github.com/influxdata/influxdb/v2/http/task_service.go:350.24,354.3 3 1
github.com/influxdata/influxdb/v2/http/task_service.go:369.140,375.20 2 1
github.com/influxdata/influxdb/v2/http/task_service.go:379.2,379.11 1 1
github.com/influxdata/influxdb/v2/http/task_service.go:375.20,378.3 2 1
github.com/influxdata/influxdb/v2/http/task_service.go:401.50,410.27 2 1
github.com/influxdata/influxdb/v2/http/task_service.go:413.2,413.28 1 1
github.com/influxdata/influxdb/v2/http/task_service.go:416.2,416.29 1 1
github.com/influxdata/influxdb/v2/http/task_service.go:420.2,428.3 1 1
github.com/influxdata/influxdb/v2/http/task_service.go:410.27,412.3 1 1
github.com/influxdata/influxdb/v2/http/task_service.go:413.28,415.3 1 1
github.com/influxdata/influxdb/v2/http/task_service.go:416.29,418.3 1 1
github.com/influxdata/influxdb/v2/http/task_service.go:431.43,439.24 2 0
github.com/influxdata/influxdb/v2/http/task_service.go:443.2,443.25 1 0
github.com/influxdata/influxdb/v2/http/task_service.go:447.2,447.26 1 0
github.com/influxdata/influxdb/v2/http/task_service.go:451.2,451.27 1 0
github.com/influxdata/influxdb/v2/http/task_service.go:455.2,455.12 1 0
github.com/influxdata/influxdb/v2/http/task_service.go:439.24,441.3 1 0
github.com/influxdata/influxdb/v2/http/task_service.go:443.25,445.3 1 0
github.com/influxdata/influxdb/v2/http/task_service.go:447.26,449.3 1 0
github.com/influxdata/influxdb/v2/http/task_service.go:451.27,453.3 1 0
github.com/influxdata/influxdb/v2/http/task_service.go:463.76,472.20 2 1
github.com/influxdata/influxdb/v2/http/task_service.go:476.2,476.10 1 1
github.com/influxdata/influxdb/v2/http/task_service.go:472.20,475.3 2 1
github.com/influxdata/influxdb/v2/http/task_service.go:479.78,482.16 3 1
github.com/influxdata/influxdb/v2/http/task_service.go:492.2,493.16 2 1
github.com/influxdata/influxdb/v2/http/task_service.go:497.2,498.120 2 1
github.com/influxdata/influxdb/v2/http/task_service.go:482.16,490.3 3 1
github.com/influxdata/influxdb/v2/http/task_service.go:493.16,496.3 2 0
github.com/influxdata/influxdb/v2/http/task_service.go:498.120,501.3 2 0
github.com/influxdata/influxdb/v2/http/task_service.go:508.127,512.43 3 1
github.com/influxdata/influxdb/v2/http/task_service.go:520.2,520.45 1 1
github.com/influxdata/influxdb/v2/http/task_service.go:536.2,536.39 1 1
github.com/influxdata/influxdb/v2/http/task_service.go:544.2,544.44 1 1
github.com/influxdata/influxdb/v2/http/task_service.go:552.2,552.43 1 1
github.com/influxdata/influxdb/v2/http/task_service.go:568.2,568.52 1 1
github.com/influxdata/influxdb/v2/http/task_service.go:574.2,574.36 1 1
github.com/influxdata/influxdb/v2/http/task_service.go:588.2,588.40 1 1
github.com/influxdata/influxdb/v2/http/task_service.go:592.2,592.17 1 1
github.com/influxdata/influxdb/v2/http/task_service.go:512.43,514.17 2 1
github.com/influxdata/influxdb/v2/http/task_service.go:517.3,517.24 1 1
github.com/influxdata/influxdb/v2/http/task_service.go:514.17,516.4 1 0
github.com/influxdata/influxdb/v2/http/task_service.go:520.45,522.17 2 1
github.com/influxdata/influxdb/v2/http/task_service.go:533.3,534.36 2 1
github.com/influxdata/influxdb/v2/http/task_service.go:522.17,523.59 1 1
github.com/influxdata/influxdb/v2/http/task_service.go:531.4,531.19 1 1
github.com/influxdata/influxdb/v2/http/task_service.go:523.59,524.65 1 1
github.com/influxdata/influxdb/v2/http/task_service.go:524.65,529.6 1 0
github.com/influxdata/influxdb/v2/http/task_service.go:536.39,538.17 2 0
github.com/influxdata/influxdb/v2/http/task_service.go:541.3,541.36 1 0
github.com/influxdata/influxdb/v2/http/task_service.go:538.17,540.4 1 0
github.com/influxdata/influxdb/v2/http/task_service.go:544.44,546.17 2 0
github.com/influxdata/influxdb/v2/http/task_service.go:549.3,549.23 1 0
github.com/influxdata/influxdb/v2/http/task_service.go:546.17,548.4 1 0
github.com/influxdata/influxdb/v2/http/task_service.go:552.43,554.17 2 1
github.com/influxdata/influxdb/v2/http/task_service.go:557.3,557.49 1 1
github.com/influxdata/influxdb/v2/http/task_service.go:563.3,563.25 1 1
github.com/influxdata/influxdb/v2/http/task_service.go:554.17,556.4 1 0
github.com/influxdata/influxdb/v2/http/task_service.go:557.49,562.4 1 0
github.com/influxdata/influxdb/v2/http/task_service.go:564.8,566.3 1 1
github.com/influxdata/influxdb/v2/http/task_service.go:568.52,570.3 1 0
github.com/influxdata/influxdb/v2/http/task_service.go:570.8,570.61 1 1
github.com/influxdata/influxdb/v2/http/task_service.go:570.61,572.3 1 0
github.com/influxdata/influxdb/v2/http/task_service.go:575.15,576.45 1 0
github.com/influxdata/influxdb/v2/http/task_service.go:577.16,578.14 1 0
github.com/influxdata/influxdb/v2/http/task_service.go:579.10,580.46 1 1
github.com/influxdata/influxdb/v2/http/task_service.go:581.10,585.4 1 0
github.com/influxdata/influxdb/v2/http/task_service.go:588.40,590.3 1 0
github.com/influxdata/influxdb/v2/http/task_service.go:595.78,598.16 3 1
github.com/influxdata/influxdb/v2/http/task_service.go:608.2,608.70 1 1
github.com/influxdata/influxdb/v2/http/task_service.go:617.2,617.44 1 1
github.com/influxdata/influxdb/v2/http/task_service.go:626.2,627.16 2 1
github.com/influxdata/influxdb/v2/http/task_service.go:645.2,645.112 1 1
github.com/influxdata/influxdb/v2/http/task_service.go:598.16,606.3 3 0
github.com/influxdata/influxdb/v2/http/task_service.go:608.70,615.3 3 0
github.com/influxdata/influxdb/v2/http/task_service.go:617.44,624.3 3 0
github.com/influxdata/influxdb/v2/http/task_service.go:627.16,628.36 1 1
github.com/influxdata/influxdb/v2/http/task_service.go:633.3,633.41 1 1
[...]
github.com/influxdata/influxdb/v2/http/scraper_service.go:628.16,632.3 3 1
github.com/influxdata/influxdb/v2/http/scraper_service.go:632.8,634.3 1 0
github.com/influxdata/influxdb/v2/http/scraper_service.go:639.48,641.2 1 1
github.com/influxdata/influxdb/v2/http/scraper_service.go:643.42,645.2 1 1
github.com/influxdata/influxdb/v2/http/platform_handler.go:22.82,38.18 14 0
github.com/influxdata/influxdb/v2/http/platform_handler.go:43.2,54.3 5 0
github.com/influxdata/influxdb/v2/http/platform_handler.go:38.18,41.3 2 0
github.com/influxdata/influxdb/v2/http/platform_handler.go:58.77,62.25 1 0
github.com/influxdata/influxdb/v2/http/platform_handler.go:67.2,67.44 1 0
github.com/influxdata/influxdb/v2/http/platform_handler.go:74.2,76.47 1 0
github.com/influxdata/influxdb/v2/http/platform_handler.go:81.2,81.30 1 0
github.com/influxdata/influxdb/v2/http/platform_handler.go:62.25,65.3 2 0
github.com/influxdata/influxdb/v2/http/platform_handler.go:67.44,70.3 2 0
github.com/influxdata/influxdb/v2/http/platform_handler.go:76.47,79.3 2 0
github.com/influxdata/influxdb/v2/http/redoc.go:32.45,33.71 1 0
github.com/influxdata/influxdb/v2/http/redoc.go:33.71,38.3 3 0
github.com/influxdata/influxdb/v2/http/tokens.go:22.48,24.18 2 1
github.com/influxdata/influxdb/v2/http/tokens.go:28.2,29.61 1 1
github.com/influxdata/influxdb/v2/http/tokens.go:36.2,36.29 1 1
github.com/influxdata/influxdb/v2/http/tokens.go:24.18,26.3 1 1
github.com/influxdata/influxdb/v2/http/tokens.go:29.61,31.3 1 1
github.com/influxdata/influxdb/v2/http/tokens.go:31.8,32.63 1 1
github.com/influxdata/influxdb/v2/http/tokens.go:32.63,34.3 1 1
github.com/influxdata/influxdb/v2/http/tokens.go:40.48,42.2 1 1
github.com/influxdata/influxdb/v2/http/ua.go:9.40,11.18 2 1
github.com/influxdata/influxdb/v2/http/ua.go:15.2,16.16 2 1
github.com/influxdata/influxdb/v2/http/ua.go:11.18,13.3 1 0
github.com/influxdata/influxdb/v2/http/api_handler.go:110.68,113.67 2 0
github.com/influxdata/influxdb/v2/http/api_handler.go:117.2,117.67 1 0
github.com/influxdata/influxdb/v2/http/api_handler.go:121.2,121.11 1 0
github.com/influxdata/influxdb/v2/http/api_handler.go:113.67,115.3 1 0
github.com/influxdata/influxdb/v2/http/api_handler.go:117.67,119.3 1 0
github.com/influxdata/influxdb/v2/http/api_handler.go:129.78,130.28 1 0
github.com/influxdata/influxdb/v2/http/api_handler.go:130.28,132.3 1 0
github.com/influxdata/influxdb/v2/http/api_handler.go:136.72,224.25 53 1
github.com/influxdata/influxdb/v2/http/api_handler.go:227.2,227.10 1 1
github.com/influxdata/influxdb/v2/http/api_handler.go:224.25,226.3 1 0
github.com/influxdata/influxdb/v2/http/api_handler.go:274.75,275.53 1 1
github.com/influxdata/influxdb/v2/http/api_handler.go:281.2,281.29 1 1
github.com/influxdata/influxdb/v2/http/api_handler.go:275.53,277.73 2 1
github.com/influxdata/influxdb/v2/http/api_handler.go:277.73,279.4 1 0
github.com/influxdata/influxdb/v2/http/api_handler.go:284.77,288.17 3 0
github.com/influxdata/influxdb/v2/http/api_handler.go:295.2,296.50 2 0
github.com/influxdata/influxdb/v2/http/api_handler.go:303.2,303.15 1 0
github.com/influxdata/influxdb/v2/http/api_handler.go:288.17,293.3 1 0
github.com/influxdata/influxdb/v2/http/api_handler.go:296.50,301.3 1 0
github.com/influxdata/influxdb/v2/http/duration.go:21.53,23.16 1 1
github.com/influxdata/influxdb/v2/http/duration.go:28.2,36.17 5 1
github.com/influxdata/influxdb/v2/http/duration.go:41.2,45.17 3 1
github.com/influxdata/influxdb/v2/http/duration.go:121.2,121.26 1 1
github.com/influxdata/influxdb/v2/http/duration.go:125.2,125.16 1 1
github.com/influxdata/influxdb/v2/http/duration.go:128.2,128.15 1 1
github.com/influxdata/influxdb/v2/http/duration.go:23.16,25.3 1 1
github.com/influxdata/influxdb/v2/http/duration.go:36.17,39.3 2 1
github.com/influxdata/influxdb/v2/http/duration.go:45.17,48.42 2 1
github.com/influxdata/influxdb/v2/http/duration.go:53.3,53.32 1 1
github.com/influxdata/influxdb/v2/http/duration.go:58.3,59.17 2 1
github.com/influxdata/influxdb/v2/http/duration.go:62.3,66.15 3 1
github.com/influxdata/influxdb/v2/http/duration.go:117.3,117.6 1 1
github.com/influxdata/influxdb/v2/http/duration.go:48.43,50.4 0 1
github.com/influxdata/influxdb/v2/http/duration.go:53.32,55.4 1 1
github.com/influxdata/influxdb/v2/http/duration.go:59.17,61.4 1 0
github.com/influxdata/influxdb/v2/http/duration.go:67.12,69.37 2 1
github.com/influxdata/influxdb/v2/http/duration.go:74.18,76.37 2 1
github.com/influxdata/influxdb/v2/http/duration.go:81.12,83.20 1 1
github.com/influxdata/influxdb/v2/http/duration.go:99.4,99.39 1 1
github.com/influxdata/influxdb/v2/http/duration.go:100.12,101.39 1 1
github.com/influxdata/influxdb/v2/http/duration.go:102.12,103.37 1 1
github.com/influxdata/influxdb/v2/http/duration.go:104.12,105.42 1 1
github.com/influxdata/influxdb/v2/http/duration.go:106.12,109.46 1 1
github.com/influxdata/influxdb/v2/http/duration.go:110.12,113.48 1 1
github.com/influxdata/influxdb/v2/http/duration.go:114.11,115.32 1 1
github.com/influxdata/influxdb/v2/http/duration.go:69.37,72.13 3 1
github.com/influxdata/influxdb/v2/http/duration.go:76.37,79.13 3 1
github.com/influxdata/influxdb/v2/http/duration.go:83.20,84.19 1 1
github.com/influxdata/influxdb/v2/http/duration.go:85.14,89.14 4 1
github.com/influxdata/influxdb/v2/http/duration.go:90.14,96.14 4 1
github.com/influxdata/influxdb/v2/http/duration.go:121.26,123.3 1 0
github.com/influxdata/influxdb/v2/http/duration.go:125.16,127.3 1 1
github.com/influxdata/influxdb/v2/http/duration.go:132.45,133.12 1 1
github.com/influxdata/influxdb/v2/http/duration.go:154.2,154.47 1 1
github.com/influxdata/influxdb/v2/http/duration.go:133.12,135.3 1 0
github.com/influxdata/influxdb/v2/http/duration.go:135.8,135.38 1 1
github.com/influxdata/influxdb/v2/http/duration.go:135.38,137.3 1 1
github.com/influxdata/influxdb/v2/http/duration.go:137.8,137.37 1 1
github.com/influxdata/influxdb/v2/http/duration.go:137.37,139.3 1 1
github.com/influxdata/influxdb/v2/http/duration.go:139.8,139.36 1 1
github.com/influxdata/influxdb/v2/http/duration.go:139.36,141.3 1 1
github.com/influxdata/influxdb/v2/http/duration.go:141.8,141.34 1 1
github.com/influxdata/influxdb/v2/http/duration.go:141.34,143.3 1 1
github.com/influxdata/influxdb/v2/http/duration.go:143.8,143.29 1 1
github.com/influxdata/influxdb/v2/http/duration.go:143.29,145.3 1 1
github.com/influxdata/influxdb/v2/http/duration.go:145.8,145.31 1 1
github.com/influxdata/influxdb/v2/http/duration.go:145.31,147.3 1 1
github.com/influxdata/influxdb/v2/http/duration.go:147.8,147.31 1 1
github.com/influxdata/influxdb/v2/http/duration.go:147.31,149.3 1 1
github.com/influxdata/influxdb/v2/http/duration.go:149.8,149.36 1 1
github.com/influxdata/influxdb/v2/http/duration.go:149.36,151.3 1 1
github.com/influxdata/influxdb/v2/http/duration.go:151.8,151.36 1 1
github.com/influxdata/influxdb/v2/http/duration.go:151.36,153.3 1 1
github.com/influxdata/influxdb/v2/http/duration.go:158.33,159.23 1 1
github.com/influxdata/influxdb/v2/http/duration.go:162.2,162.8 1 1
github.com/influxdata/influxdb/v2/http/duration.go:159.23,161.3 1 1
github.com/influxdata/influxdb/v2/http/duration.go:166.28,166.63 1 1
github.com/influxdata/influxdb/v2/http/notification_endpoint.go:34.98,43.2 1 1
github.com/influxdata/influxdb/v2/http/notification_endpoint.go:45.60,47.2 1 1
github.com/influxdata/influxdb/v2/http/notification_endpoint.go:73.115,126.2 20 1
github.com/influxdata/influxdb/v2/http/notification_endpoint.go:146.72,148.16 2 1
github.com/influxdata/influxdb/v2/http/notification_endpoint.go:152.2,159.16 2 1
github.com/influxdata/influxdb/v2/http/notification_endpoint.go:163.2,163.68 1 1
github.com/influxdata/influxdb/v2/http/notification_endpoint.go:148.16,150.3 1 0
github.com/influxdata/influxdb/v2/http/notification_endpoint.go:159.16,161.3 1 0
github.com/influxdata/influxdb/v2/http/notification_endpoint.go:171.128,183.27 2 1
github.com/influxdata/influxdb/v2/http/notification_endpoint.go:187.2,187.12 1 1
github.com/influxdata/influxdb/v2/http/notification_endpoint.go:183.27,185.3 1 1
github.com/influxdata/influxdb/v2/http/notification_endpoint.go:190.217,195.27 2 1
github.com/influxdata/influxdb/v2/http/notification_endpoint.go:199.2,199.13 1 1
github.com/influxdata/influxdb/v2/http/notification_endpoint.go:195.27,198.3 2 1
github.com/influxdata/influxdb/v2/http/notification_endpoint.go:202.91,205.14 3 1
github.com/influxdata/influxdb/v2/http/notification_endpoint.go:212.2,212.47 1 1
github.com/influxdata/influxdb/v2/http/notification_endpoint.go:215.2,215.15 1 1
github.com/influxdata/influxdb/v2/http/notification_endpoint.go:205.14,210.3 1 0
github.com/influxdata/influxdb/v2/http/notification_endpoint.go:212.47,214.3 1 0
github.com/influxdata/influxdb/v2/http/notification_endpoint.go:218.110,221.16 3 1
github.com/influxdata/influxdb/v2/http/notification_endpoint.go:226.2,227.16 2 1
github.com/influxdata/influxdb/v2/http/notification_endpoint.go:231.2,233.137 2 1
github.com/influxdata/influxdb/v2/http/notification_endpoint.go:221.16,225.3 3 0
github.com/influxdata/influxdb/v2/http/notification_endpoint.go:227.16,230.3 2 0
github.com/influxdata/influxdb/v2/http/notification_endpoint.go:233.137,236.3 2 0
github.com/influxdata/influxdb/v2/http/notification_endpoint.go:239.109,242.16 3 1
github.com/influxdata/influxdb/v2/http/notification_endpoint.go:246.2,247.16 2 1
github.com/influxdata/influxdb/v2/http/notification_endpoint.go:251.2,254.16 3 1
github.com/influxdata/influxdb/v2/http/notification_endpoint.go:259.2,259.108 1 1
github.com/influxdata/influxdb/v2/http/notification_endpoint.go:242.16,245.3 2 0
github.com/influxdata/influxdb/v2/http/notification_endpoint.go:247.16,250.3 2 1
github.com/influxdata/influxdb/v2/http/notification_endpoint.go:254.16,257.3 2 0
github.com/influxdata/influxdb/v2/http/notification_endpoint.go:259.108,262.3 2 0
github.com/influxdata/influxdb/v2/http/notification_endpoint.go:265.144,273.16 3 1
github.com/influxdata/influxdb/v2/http/notification_endpoint.go:277.2,278.48 2 1
github.com/influxdata/influxdb/v2/http/notification_endpoint.go:292.2,292.43 1 1
github.com/influxdata/influxdb/v2/http/notification_endpoint.go:300.2,300.22 1 1
github.com/influxdata/influxdb/v2/http/notification_endpoint.go:273.16,275.3 1 0
github.com/influxdata/influxdb/v2/http/notification_endpoint.go:278.48,280.17 2 0
github.com/influxdata/influxdb/v2/http/notification_endpoint.go:287.3,287.18 1 0
github.com/influxdata/influxdb/v2/http/notification_endpoint.go:280.17,286.4 1 0
github.com/influxdata/influxdb/v2/http/notification_endpoint.go:288.8,288.57 1 1
github.com/influxdata/influxdb/v2/http/notification_endpoint.go:288.57,290.3 1 0
github.com/influxdata/influxdb/v2/http/notification_endpoint.go:292.43,294.17 2 0
github.com/influxdata/influxdb/v2/http/notification_endpoint.go:297.3,297.17 1 0
github.com/influxdata/influxdb/v2/http/notification_endpoint.go:294.17,296.4 1 0
github.com/influxdata/influxdb/v2/http/notification_endpoint.go:303.102,305.16 2 1
github.com/influxdata/influxdb/v2/http/notification_endpoint.go:311.2,313.16 3 1
github.com/influxdata/influxdb/v2/http/notification_endpoint.go:320.2,321.47 2 1
github.com/influxdata/influxdb/v2/http/notification_endpoint.go:328.2,331.8 1 1
github.com/influxdata/influxdb/v2/http/notification_endpoint.go:305.16,310.3 1 0
github.com/influxdata/influxdb/v2/http/notification_endpoint.go:313.16,318.3 1 0
github.com/influxdata/influxdb/v2/http/notification_endpoint.go:321.47,326.3 1 0
github.com/influxdata/influxdb/v2/http/notification_endpoint.go:334.120,336.48 2 1
github.com/influxdata/influxdb/v2/http/notification_endpoint.go:342.2,345.16 3 1
github.com/influxdata/influxdb/v2/http/notification_endpoint.go:352.2,354.16 3 1
github.com/influxdata/influxdb/v2/http/notification_endpoint.go:357.2,358.17 2 1
github.com/influxdata/influxdb/v2/http/notification_endpoint.go:336.48,341.3 1 0
github.com/influxdata/influxdb/v2/http/notification_endpoint.go:345.16,350.3 1 0
github.com/influxdata/influxdb/v2/http/notification_endpoint.go:354.16,356.3 1 0
github.com/influxdata/influxdb/v2/http/notification_endpoint.go:366.125,369.16 3 1
github.com/influxdata/influxdb/v2/http/notification_endpoint.go:372.2,377.61 3 1
github.com/influxdata/influxdb/v2/http/notification_endpoint.go:383.2,383.36 1 1
github.com/influxdata/influxdb/v2/http/notification_endpoint.go:390.2,391.17 2 1
github.com/influxdata/influxdb/v2/http/notification_endpoint.go:369.16,371.3 1 0
github.com/influxdata/influxdb/v2/http/notification_endpoint.go:377.61,382.3 1 0
github.com/influxdata/influxdb/v2/http/notification_endpoint.go:383.36,388.3 1 0
github.com/influxdata/influxdb/v2/http/notification_endpoint.go:395.110,398.16 3 1
github.com/influxdata/influxdb/v2/http/notification_endpoint.go:404.2,405.16 2 1
github.com/influxdata/influxdb/v2/http/notification_endpoint.go:410.2,411.16 2 1
github.com/influxdata/influxdb/v2/http/notification_endpoint.go:416.2,420.113 3 1
github.com/influxdata/influxdb/v2/http/notification_endpoint.go:398.16,402.3 3 0
github.com/influxdata/influxdb/v2/http/notification_endpoint.go:405.16,408.3 2 0
github.com/influxdata/influxdb/v2/http/notification_endpoint.go:411.16,414.3 2 0
github.com/influxdata/influxdb/v2/http/notification_endpoint.go:420.113,423.3 2 0
github.com/influxdata/influxdb/v2/http/notification_endpoint.go:426.163,428.29 2 1
github.com/influxdata/influxdb/v2/http/notification_endpoint.go:454.2,454.11 1 1
github.com/influxdata/influxdb/v2/http/notification_endpoint.go:428.29,432.17 3 0
github.com/influxdata/influxdb/v2/http/notification_endpoint.go:436.3,437.17 2 0
github.com/influxdata/influxdb/v2/http/notification_endpoint.go:441.3,448.17 3 0
github.com/influxdata/influxdb/v2/http/notification_endpoint.go:452.3,452.25 1 0
github.com/influxdata/influxdb/v2/http/notification_endpoint.go:432.17,433.12 1 0
github.com/influxdata/influxdb/v2/http/notification_endpoint.go:437.17,438.12 1 0
github.com/influxdata/influxdb/v2/http/notification_endpoint.go:448.17,449.12 1 0
github.com/influxdata/influxdb/v2/http/notification_endpoint.go:458.109,461.16 3 1
github.com/influxdata/influxdb/v2/http/notification_endpoint.go:466.2,467.16 2 1
github.com/influxdata/influxdb/v2/http/notification_endpoint.go:472.2,473.16 2 1
github.com/influxdata/influxdb/v2/http/notification_endpoint.go:478.2,479.16 2 1
github.com/influxdata/influxdb/v2/http/notification_endpoint.go:483.2,485.108 2 1
github.com/influxdata/influxdb/v2/http/notification_endpoint.go:461.16,465.3 3 0
github.com/influxdata/influxdb/v2/http/notification_endpoint.go:467.16,470.3 2 0
github.com/influxdata/influxdb/v2/http/notification_endpoint.go:473.16,476.3 2 1
github.com/influxdata/influxdb/v2/http/notification_endpoint.go:479.16,482.3 2 0
github.com/influxdata/influxdb/v2/http/notification_endpoint.go:485.108,488.3 2 0
github.com/influxdata/influxdb/v2/http/notification_endpoint.go:492.111,495.16 3 1
github.com/influxdata/influxdb/v2/http/notification_endpoint.go:501.2,502.16 2 1
github.com/influxdata/influxdb/v2/http/notification_endpoint.go:507.2,508.16 2 1
github.com/influxdata/influxdb/v2/http/notification_endpoint.go:512.2,514.108 2 1
github.com/influxdata/influxdb/v2/http/notification_endpoint.go:495.16,499.3 3 0
github.com/influxdata/influxdb/v2/http/notification_endpoint.go:502.16,505.3 2 1
github.com/influxdata/influxdb/v2/http/notification_endpoint.go:508.16,511.3 2 0
github.com/influxdata/influxdb/v2/http/notification_endpoint.go:514.108,517.3 2 0
github.com/influxdata/influxdb/v2/http/notification_endpoint.go:520.112,523.16 3 1
github.com/influxdata/influxdb/v2/http/notification_endpoint.go:528.2,529.16 2 1
github.com/influxdata/influxdb/v2/http/notification_endpoint.go:533.2,534.27 2 1
github.com/influxdata/influxdb/v2/http/notification_endpoint.go:544.2,546.37 2 1
github.com/influxdata/influxdb/v2/http/notification_endpoint.go:523.16,526.3 2 0
github.com/influxdata/influxdb/v2/http/notification_endpoint.go:529.16,532.3 2 1
github.com/influxdata/influxdb/v2/http/notification_endpoint.go:534.27,535.20 1 1
github.com/influxdata/influxdb/v2/http/notification_endpoint.go:542.3,542.20 1 1
github.com/influxdata/influxdb/v2/http/notification_endpoint.go:535.20,541.4 2 0
github.com/influxdata/influxdb/v2/http/notification_endpoint.go:555.88,559.2 1 0
github.com/influxdata/influxdb/v2/http/notification_endpoint.go:564.144,565.17 1 0
github.com/influxdata/influxdb/v2/http/notification_endpoint.go:568.2,573.16 3 0
github.com/influxdata/influxdb/v2/http/notification_endpoint.go:576.2,576.27 1 0
github.com/influxdata/influxdb/v2/http/notification_endpoint.go:565.17,567.3 1 0
github.com/influxdata/influxdb/v2/http/notification_endpoint.go:573.16,575.3 1 0
github.com/influxdata/influxdb/v2/http/notification_endpoint.go:581.205,583.22 2 0
github.com/influxdata/influxdb/v2/http/notification_endpoint.go:586.2,586.25 1 0
github.com/influxdata/influxdb/v2/http/notification_endpoint.go:589.2,589.23 1 0
github.com/influxdata/influxdb/v2/http/notification_endpoint.go:593.2,601.16 3 0
github.com/influxdata/influxdb/v2/http/notification_endpoint.go:605.2,606.35 2 0
github.com/influxdata/influxdb/v2/http/notification_endpoint.go:609.2,609.39 1 0
github.com/influxdata/influxdb/v2/http/notification_endpoint.go:583.22,585.3 1 0
github.com/influxdata/influxdb/v2/http/notification_endpoint.go:586.25,588.3 1 0
github.com/influxdata/influxdb/v2/http/notification_endpoint.go:589.23,591.3 1 0
github.com/influxdata/influxdb/v2/http/notification_endpoint.go:601.16,603.3 1 0
github.com/influxdata/influxdb/v2/http/notification_endpoint.go:606.35,608.3 1 0
github.com/influxdata/influxdb/v2/http/notification_endpoint.go:615.147,621.16 3 0
github.com/influxdata/influxdb/v2/http/notification_endpoint.go:625.2,627.12 3 0
github.com/influxdata/influxdb/v2/http/notification_endpoint.go:621.16,623.3 1 0
github.com/influxdata/influxdb/v2/http/notification_endpoint.go:632.196,633.17 1 0
github.com/influxdata/influxdb/v2/http/notification_endpoint.go:636.2,641.16 3 0
github.com/influxdata/influxdb/v2/http/notification_endpoint.go:644.2,644.27 1 0
github.com/influxdata/influxdb/v2/http/notification_endpoint.go:633.17,635.3 1 0
github.com/influxdata/influxdb/v2/http/notification_endpoint.go:641.16,643.3 1 0
github.com/influxdata/influxdb/v2/http/notification_endpoint.go:649.182,650.17 1 0
github.com/influxdata/influxdb/v2/http/notification_endpoint.go:653.2,653.36 1 0
github.com/influxdata/influxdb/v2/http/notification_endpoint.go:657.2,662.16 3 0
github.com/influxdata/influxdb/v2/http/notification_endpoint.go:665.2,665.27 1 0
github.com/influxdata/influxdb/v2/http/notification_endpoint.go:650.17,652.3 1 0
github.com/influxdata/influxdb/v2/http/notification_endpoint.go:653.36,655.3 1 0
github.com/influxdata/influxdb/v2/http/notification_endpoint.go:662.16,664.3 1 0
github.com/influxdata/influxdb/v2/http/notification_endpoint.go:673.148,674.17 1 0
github.com/influxdata/influxdb/v2/http/notification_endpoint.go:677.2,680.20 2 0
github.com/influxdata/influxdb/v2/http/notification_endpoint.go:674.17,676.3 1 0
github.com/influxdata/influxdb/v2/http/notification_endpoint.go:687.69,689.16 2 0
github.com/influxdata/influxdb/v2/http/notification_endpoint.go:693.2,694.50 2 0
github.com/influxdata/influxdb/v2/http/notification_endpoint.go:697.2,706.42 3 0
github.com/influxdata/influxdb/v2/http/notification_endpoint.go:713.2,713.28 1 0
github.com/influxdata/influxdb/v2/http/notification_endpoint.go:689.16,691.3 1 0
github.com/influxdata/influxdb/v2/http/notification_endpoint.go:694.50,696.3 1 0
github.com/influxdata/influxdb/v2/http/notification_endpoint.go:706.42,708.23 2 0
github.com/influxdata/influxdb/v2/http/notification_endpoint.go:711.3,711.31 1 0
github.com/influxdata/influxdb/v2/http/notification_endpoint.go:708.23,710.4 1 0
github.com/influxdata/influxdb/v2/http/notification_endpoint.go:720.69,722.16 2 0
github.com/influxdata/influxdb/v2/http/notification_endpoint.go:725.2,726.12 2 0
github.com/influxdata/influxdb/v2/http/notification_endpoint.go:722.16,724.3 1 0
